{"meta": {"format": 3, "version": "7.9.2", "timestamp": "2025-07-19T22:04:45.732559", "branch_coverage": true, "show_contexts": false}, "files": {"src/flext_db_oracle/__init__.py": {"executed_lines": [1, 12, 14, 17, 26, 33, 36, 44, 46], "summary": {"covered_lines": 8, "num_statements": 8, "percent_covered": 100.0, "percent_covered_display": "100.00", "missing_lines": 0, "excluded_lines": 0, "num_branches": 0, "num_partial_branches": 0, "covered_branches": 0, "missing_branches": 0}, "missing_lines": [], "excluded_lines": [], "executed_branches": [], "missing_branches": [], "functions": {"": {"executed_lines": [1, 12, 14, 17, 26, 33, 36, 44, 46], "summary": {"covered_lines": 8, "num_statements": 8, "percent_covered": 100.0, "percent_covered_display": "100.00", "missing_lines": 0, "excluded_lines": 0, "num_branches": 0, "num_partial_branches": 0, "covered_branches": 0, "missing_branches": 0}, "missing_lines": [], "excluded_lines": [], "executed_branches": [], "missing_branches": []}}, "classes": {"": {"executed_lines": [1, 12, 14, 17, 26, 33, 36, 44, 46], "summary": {"covered_lines": 8, "num_statements": 8, "percent_covered": 100.0, "percent_covered_display": "100.00", "missing_lines": 0, "excluded_lines": 0, "num_branches": 0, "num_partial_branches": 0, "covered_branches": 0, "missing_branches": 0}, "missing_lines": [], "excluded_lines": [], "executed_branches": [], "missing_branches": []}}}, "src/flext_db_oracle/application/__init__.py": {"executed_lines": [1, 6, 12], "summary": {"covered_lines": 2, "num_statements": 2, "percent_covered": 100.0, "percent_covered_display": "100.00", "missing_lines": 0, "excluded_lines": 0, "num_branches": 0, "num_partial_branches": 0, "covered_branches": 0, "missing_branches": 0}, "missing_lines": [], "excluded_lines": [], "executed_branches": [], "missing_branches": [], "functions": {"": {"executed_lines": [1, 6, 12], "summary": {"covered_lines": 2, "num_statements": 2, "percent_covered": 100.0, "percent_covered_display": "100.00", "missing_lines": 0, "excluded_lines": 0, "num_branches": 0, "num_partial_branches": 0, "covered_branches": 0, "missing_branches": 0}, "missing_lines": [], "excluded_lines": [], "executed_branches": [], "missing_branches": []}}, "classes": {"": {"executed_lines": [1, 6, 12], "summary": {"covered_lines": 2, "num_statements": 2, "percent_covered": 100.0, "percent_covered_display": "100.00", "missing_lines": 0, "excluded_lines": 0, "num_branches": 0, "num_partial_branches": 0, "covered_branches": 0, "missing_branches": 0}, "missing_lines": [], "excluded_lines": [], "executed_branches": [], "missing_branches": []}}}, "src/flext_db_oracle/application/services.py": {"executed_lines": [1, 6, 8, 9, 10, 12, 14, 15, 22, 24, 29, 32, 33, 35, 42, 43, 44, 46, 48, 50, 52, 61, 62, 80, 90, 95, 97, 98, 101, 103, 104, 105, 107, 109, 110, 111, 112, 113, 114, 116, 117, 118, 120, 121, 123, 124, 125, 126, 127, 129, 133, 134, 135, 138, 141, 143, 144, 146, 147, 148, 150, 151, 160, 172, 173, 174, 183, 185, 186, 188, 190, 191, 193, 195, 197, 199, 201, 203, 204, 206, 207, 208, 209, 210, 213, 220, 221, 223, 236, 237, 239, 240, 241, 243, 247, 249, 250, 255, 258, 261, 262, 264, 271, 273, 277, 279, 280, 281, 282, 283, 286, 293, 295, 299, 306, 311, 313, 314, 315, 316, 318, 335, 336, 338, 345, 347, 375, 424], "summary": {"covered_lines": 124, "num_statements": 195, "percent_covered": 58.02469135802469, "percent_covered_display": "58.02", "missing_lines": 71, "excluded_lines": 0, "num_branches": 48, "num_partial_branches": 11, "covered_branches": 17, "missing_branches": 31}, "missing_lines": [25, 27, 54, 59, 67, 68, 74, 92, 93, 130, 131, 136, 139, 161, 170, 198, 251, 256, 322, 323, 324, 325, 326, 327, 328, 330, 331, 332, 351, 353, 354, 355, 359, 360, 369, 371, 372, 373, 379, 386, 387, 390, 391, 395, 396, 400, 401, 402, 412, 413, 414, 416, 418, 420, 421, 422, 428, 443, 444, 452, 453, 457, 458, 462, 463, 464, 474, 476, 478, 479, 480], "excluded_lines": [], "executed_branches": [[24, 29], [52, 61], [61, 62], [90, 95], [110, 111], [110, 114], [123, 124], [125, 126], [125, 129], [129, 133], [138, -120], [150, 151], [197, 199], [247, 249], [247, 255], [250, 255], [255, 258]], "missing_branches": [[24, 25], [52, 54], [61, 67], [67, 68], [67, 74], [90, 92], [123, 129], [129, 130], [138, 139], [150, 161], [197, 198], [250, 251], [255, 256], [324, 325], [324, 328], [354, 355], [354, 359], [390, 391], [390, 395], [395, 396], [395, 400], [401, 402], [401, 418], [413, 414], [413, 416], [452, 453], [452, 457], [457, 458], [457, 462], [463, 464], [463, 476]], "functions": {"OracleConnectionService.__init__": {"executed_lines": [42, 43, 44], "summary": {"covered_lines": 3, "num_statements": 3, "percent_covered": 100.0, "percent_covered_display": "100.00", "missing_lines": 0, "excluded_lines": 0, "num_branches": 0, "num_partial_branches": 0, "covered_branches": 0, "missing_branches": 0}, "missing_lines": [], "excluded_lines": [], "executed_branches": [], "missing_branches": []}, "OracleConnectionService.initialize_pool": {"executed_lines": [48, 50, 52, 61, 62, 80, 90, 95, 97, 98, 101, 103, 104, 105], "summary": {"covered_lines": 14, "num_statements": 21, "percent_covered": 58.62068965517241, "percent_covered_display": "58.62", "missing_lines": 7, "excluded_lines": 0, "num_branches": 8, "num_partial_branches": 3, "covered_branches": 3, "missing_branches": 5}, "missing_lines": [54, 59, 67, 68, 74, 92, 93], "excluded_lines": [], "executed_branches": [[52, 61], [61, 62], [90, 95]], "missing_branches": [[52, 54], [61, 67], [67, 68], [67, 74], [90, 92]]}, "OracleConnectionService.close_pool": {"executed_lines": [109, 110, 111, 112, 113, 114, 116, 117, 118], "summary": {"covered_lines": 9, "num_statements": 9, "percent_covered": 100.0, "percent_covered_display": "100.00", "missing_lines": 0, "excluded_lines": 0, "num_branches": 2, "num_partial_branches": 0, "covered_branches": 2, "missing_branches": 0}, "missing_lines": [], "excluded_lines": [], "executed_branches": [[110, 111], [110, 114]], "missing_branches": []}, "OracleConnectionService.get_connection": {"executed_lines": [123, 124, 125, 126, 127, 129, 133, 134, 135, 138], "summary": {"covered_lines": 10, "num_statements": 14, "percent_covered": 68.18181818181819, "percent_covered_display": "68.18", "missing_lines": 4, "excluded_lines": 0, "num_branches": 8, "num_partial_branches": 3, "covered_branches": 5, "missing_branches": 3}, "missing_lines": [130, 131, 136, 139], "excluded_lines": [], "executed_branches": [[123, 124], [125, 126], [125, 129], [129, 133], [138, -120]], "missing_branches": [[123, 129], [129, 130], [138, 139]]}, "OracleConnectionService.test_connection": {"executed_lines": [143, 144, 146, 147, 148, 150, 151, 160, 172, 173, 174, 183], "summary": {"covered_lines": 12, "num_statements": 14, "percent_covered": 81.25, "percent_covered_display": "81.25", "missing_lines": 2, "excluded_lines": 0, "num_branches": 2, "num_partial_branches": 1, "covered_branches": 1, "missing_branches": 1}, "missing_lines": [161, 170], "excluded_lines": [], "executed_branches": [[150, 151]], "missing_branches": [[150, 161]]}, "OracleConnectionService.is_pool_initialized": {"executed_lines": [188], "summary": {"covered_lines": 1, "num_statements": 1, "percent_covered": 100.0, "percent_covered_display": "100.00", "missing_lines": 0, "excluded_lines": 0, "num_branches": 0, "num_partial_branches": 0, "covered_branches": 0, "missing_branches": 0}, "missing_lines": [], "excluded_lines": [], "executed_branches": [], "missing_branches": []}, "OracleConnectionService.is_query_service_initialized": {"executed_lines": [193], "summary": {"covered_lines": 1, "num_statements": 1, "percent_covered": 100.0, "percent_covered_display": "100.00", "missing_lines": 0, "excluded_lines": 0, "num_branches": 0, "num_partial_branches": 0, "covered_branches": 0, "missing_branches": 0}, "missing_lines": [], "excluded_lines": [], "executed_branches": [], "missing_branches": []}, "OracleConnectionService.get_pool_status": {"executed_lines": [197, 199], "summary": {"covered_lines": 2, "num_statements": 3, "percent_covered": 60.0, "percent_covered_display": "60.00", "missing_lines": 1, "excluded_lines": 0, "num_branches": 2, "num_partial_branches": 1, "covered_branches": 1, "missing_branches": 1}, "missing_lines": [198], "excluded_lines": [], "executed_branches": [[197, 199]], "missing_branches": [[197, 198]]}, "OracleConnectionService.get_database_info": {"executed_lines": [203, 204, 206, 207, 208, 209, 210, 213, 220, 221, 223, 236, 237, 239, 240, 241], "summary": {"covered_lines": 16, "num_statements": 16, "percent_covered": 100.0, "percent_covered_display": "100.00", "missing_lines": 0, "excluded_lines": 0, "num_branches": 0, "num_partial_branches": 0, "covered_branches": 0, "missing_branches": 0}, "missing_lines": [], "excluded_lines": [], "executed_branches": [], "missing_branches": []}, "OracleConnectionService.execute_query": {"executed_lines": [247, 249, 250, 255, 258], "summary": {"covered_lines": 5, "num_statements": 7, "percent_covered": 69.23076923076923, "percent_covered_display": "69.23", "missing_lines": 2, "excluded_lines": 0, "num_branches": 6, "num_partial_branches": 2, "covered_branches": 4, "missing_branches": 2}, "missing_lines": [251, 256], "excluded_lines": [], "executed_branches": [[247, 249], [247, 255], [250, 255], [255, 258]], "missing_branches": [[250, 251], [255, 256]]}, "OracleQueryService.__init__": {"executed_lines": [271], "summary": {"covered_lines": 1, "num_statements": 1, "percent_covered": 100.0, "percent_covered_display": "100.00", "missing_lines": 0, "excluded_lines": 0, "num_branches": 0, "num_partial_branches": 0, "covered_branches": 0, "missing_branches": 0}, "missing_lines": [], "excluded_lines": [], "executed_branches": [], "missing_branches": []}, "OracleQueryService.execute_query": {"executed_lines": [277, 279, 280, 281, 282, 283, 286, 293, 295, 299, 306, 311, 313, 314, 315, 316], "summary": {"covered_lines": 16, "num_statements": 16, "percent_covered": 100.0, "percent_covered_display": "100.00", "missing_lines": 0, "excluded_lines": 0, "num_branches": 0, "num_partial_branches": 0, "covered_branches": 0, "missing_branches": 0}, "missing_lines": [], "excluded_lines": [], "executed_branches": [], "missing_branches": []}, "OracleQueryService.execute_scalar": {"executed_lines": [], "summary": {"covered_lines": 0, "num_statements": 10, "percent_covered": 0.0, "percent_covered_display": "0.00", "missing_lines": 10, "excluded_lines": 0, "num_branches": 2, "num_partial_branches": 0, "covered_branches": 0, "missing_branches": 2}, "missing_lines": [322, 323, 324, 325, 326, 327, 328, 330, 331, 332], "excluded_lines": [], "executed_branches": [], "missing_branches": [[324, 325], [324, 328]]}, "OracleSchemaService.__init__": {"executed_lines": [345], "summary": {"covered_lines": 1, "num_statements": 1, "percent_covered": 100.0, "percent_covered_display": "100.00", "missing_lines": 0, "excluded_lines": 0, "num_branches": 0, "num_partial_branches": 0, "covered_branches": 0, "missing_branches": 0}, "missing_lines": [], "excluded_lines": [], "executed_branches": [], "missing_branches": []}, "OracleSchemaService.get_schema_info": {"executed_lines": [], "summary": {"covered_lines": 0, "num_statements": 10, "percent_covered": 0.0, "percent_covered_display": "0.00", "missing_lines": 10, "excluded_lines": 0, "num_branches": 2, "num_partial_branches": 0, "covered_branches": 0, "missing_branches": 2}, "missing_lines": [351, 353, 354, 355, 359, 360, 369, 371, 372, 373], "excluded_lines": [], "executed_branches": [], "missing_branches": [[354, 355], [354, 359]]}, "OracleSchemaService.get_schema_tables": {"executed_lines": [], "summary": {"covered_lines": 0, "num_statements": 18, "percent_covered": 0.0, "percent_covered_display": "0.00", "missing_lines": 18, "excluded_lines": 0, "num_branches": 8, "num_partial_branches": 0, "covered_branches": 0, "missing_branches": 8}, "missing_lines": [379, 386, 387, 390, 391, 395, 396, 400, 401, 402, 412, 413, 414, 416, 418, 420, 421, 422], "excluded_lines": [], "executed_branches": [], "missing_branches": [[390, 391], [390, 395], [395, 396], [395, 400], [401, 402], [401, 418], [413, 414], [413, 416]]}, "OracleSchemaService.get_table_columns": {"executed_lines": [], "summary": {"covered_lines": 0, "num_statements": 15, "percent_covered": 0.0, "percent_covered_display": "0.00", "missing_lines": 15, "excluded_lines": 0, "num_branches": 6, "num_partial_branches": 0, "covered_branches": 0, "missing_branches": 6}, "missing_lines": [428, 443, 444, 452, 453, 457, 458, 462, 463, 464, 474, 476, 478, 479, 480], "excluded_lines": [], "executed_branches": [], "missing_branches": [[452, 453], [452, 457], [457, 458], [457, 462], [463, 464], [463, 476]]}, "": {"executed_lines": [1, 6, 8, 9, 10, 12, 14, 15, 22, 24, 29, 32, 33, 35, 46, 107, 120, 121, 141, 185, 186, 190, 191, 195, 201, 243, 261, 262, 264, 273, 318, 335, 336, 338, 347, 375, 424], "summary": {"covered_lines": 33, "num_statements": 35, "percent_covered": 91.89189189189189, "percent_covered_display": "91.89", "missing_lines": 2, "excluded_lines": 0, "num_branches": 2, "num_partial_branches": 1, "covered_branches": 1, "missing_branches": 1}, "missing_lines": [25, 27], "excluded_lines": [], "executed_branches": [[24, 29]], "missing_branches": [[24, 25]]}}, "classes": {"OracleConnectionService": {"executed_lines": [42, 43, 44, 48, 50, 52, 61, 62, 80, 90, 95, 97, 98, 101, 103, 104, 105, 109, 110, 111, 112, 113, 114, 116, 117, 118, 123, 124, 125, 126, 127, 129, 133, 134, 135, 138, 143, 144, 146, 147, 148, 150, 151, 160, 172, 173, 174, 183, 188, 193, 197, 199, 203, 204, 206, 207, 208, 209, 210, 213, 220, 221, 223, 236, 237, 239, 240, 241, 247, 249, 250, 255, 258], "summary": {"covered_lines": 73, "num_statements": 89, "percent_covered": 76.06837606837607, "percent_covered_display": "76.07", "missing_lines": 16, "excluded_lines": 0, "num_branches": 28, "num_partial_branches": 10, "covered_branches": 16, "missing_branches": 12}, "missing_lines": [54, 59, 67, 68, 74, 92, 93, 130, 131, 136, 139, 161, 170, 198, 251, 256], "excluded_lines": [], "executed_branches": [[52, 61], [61, 62], [90, 95], [110, 111], [110, 114], [123, 124], [125, 126], [125, 129], [129, 133], [138, -120], [150, 151], [197, 199], [247, 249], [247, 255], [250, 255], [255, 258]], "missing_branches": [[52, 54], [61, 67], [67, 68], [67, 74], [90, 92], [123, 129], [129, 130], [138, 139], [150, 161], [197, 198], [250, 251], [255, 256]]}, "OracleQueryService": {"executed_lines": [271, 277, 279, 280, 281, 282, 283, 286, 293, 295, 299, 306, 311, 313, 314, 315, 316], "summary": {"covered_lines": 17, "num_statements": 27, "percent_covered": 58.62068965517241, "percent_covered_display": "58.62", "missing_lines": 10, "excluded_lines": 0, "num_branches": 2, "num_partial_branches": 0, "covered_branches": 0, "missing_branches": 2}, "missing_lines": [322, 323, 324, 325, 326, 327, 328, 330, 331, 332], "excluded_lines": [], "executed_branches": [], "missing_branches": [[324, 325], [324, 328]]}, "OracleSchemaService": {"executed_lines": [345], "summary": {"covered_lines": 1, "num_statements": 44, "percent_covered": 1.6666666666666667, "percent_covered_display": "1.67", "missing_lines": 43, "excluded_lines": 0, "num_branches": 16, "num_partial_branches": 0, "covered_branches": 0, "missing_branches": 16}, "missing_lines": [351, 353, 354, 355, 359, 360, 369, 371, 372, 373, 379, 386, 387, 390, 391, 395, 396, 400, 401, 402, 412, 413, 414, 416, 418, 420, 421, 422, 428, 443, 444, 452, 453, 457, 458, 462, 463, 464, 474, 476, 478, 479, 480], "excluded_lines": [], "executed_branches": [], "missing_branches": [[354, 355], [354, 359], [390, 391], [390, 395], [395, 396], [395, 400], [401, 402], [401, 418], [413, 414], [413, 416], [452, 453], [452, 457], [457, 458], [457, 462], [463, 464], [463, 476]]}, "": {"executed_lines": [1, 6, 8, 9, 10, 12, 14, 15, 22, 24, 29, 32, 33, 35, 46, 107, 120, 121, 141, 185, 186, 190, 191, 195, 201, 243, 261, 262, 264, 273, 318, 335, 336, 338, 347, 375, 424], "summary": {"covered_lines": 33, "num_statements": 35, "percent_covered": 91.89189189189189, "percent_covered_display": "91.89", "missing_lines": 2, "excluded_lines": 0, "num_branches": 2, "num_partial_branches": 1, "covered_branches": 1, "missing_branches": 1}, "missing_lines": [25, 27], "excluded_lines": [], "executed_branches": [[24, 29]], "missing_branches": [[24, 25]]}}}, "src/flext_db_oracle/cli/__init__.py": {"executed_lines": [], "summary": {"covered_lines": 0, "num_statements": 2, "percent_covered": 0.0, "percent_covered_display": "0.00", "missing_lines": 2, "excluded_lines": 0, "num_branches": 0, "num_partial_branches": 0, "covered_branches": 0, "missing_branches": 0}, "missing_lines": [6, 8], "excluded_lines": [], "executed_branches": [], "missing_branches": [], "functions": {"": {"executed_lines": [], "summary": {"covered_lines": 0, "num_statements": 2, "percent_covered": 0.0, "percent_covered_display": "0.00", "missing_lines": 2, "excluded_lines": 0, "num_branches": 0, "num_partial_branches": 0, "covered_branches": 0, "missing_branches": 0}, "missing_lines": [6, 8], "excluded_lines": [], "executed_branches": [], "missing_branches": []}}, "classes": {"": {"executed_lines": [], "summary": {"covered_lines": 0, "num_statements": 2, "percent_covered": 0.0, "percent_covered_display": "0.00", "missing_lines": 2, "excluded_lines": 0, "num_branches": 0, "num_partial_branches": 0, "covered_branches": 0, "missing_branches": 0}, "missing_lines": [6, 8], "excluded_lines": [], "executed_branches": [], "missing_branches": []}}}, "src/flext_db_oracle/cli/main.py": {"executed_lines": [], "summary": {"covered_lines": 0, "num_statements": 138, "percent_covered": 0.0, "percent_covered_display": "0.00", "missing_lines": 138, "excluded_lines": 2, "num_branches": 32, "num_partial_branches": 0, "covered_branches": 0, "missing_branches": 32}, "missing_lines": [8, 10, 11, 12, 14, 15, 17, 18, 19, 22, 25, 27, 29, 30, 32, 49, 50, 51, 53, 54, 55, 57, 58, 59, 60, 62, 63, 64, 65, 66, 67, 69, 70, 71, 73, 76, 78, 79, 81, 82, 84, 101, 102, 104, 107, 114, 116, 117, 118, 120, 121, 122, 123, 125, 126, 127, 128, 129, 131, 133, 134, 137, 139, 140, 142, 143, 145, 162, 163, 165, 166, 169, 177, 179, 180, 181, 183, 184, 185, 193, 195, 196, 197, 198, 199, 200, 201, 202, 205, 206, 207, 208, 210, 212, 221, 222, 224, 225, 228, 230, 236, 239, 242, 245, 246, 247, 248, 249, 252, 255, 256, 259, 260, 263, 264, 265, 267, 270, 272, 273, 274, 276, 277, 278, 281, 282, 283, 286, 288, 289, 293, 294, 296, 297, 298, 299, 300, 301], "excluded_lines": [304, 305], "executed_branches": [], "missing_branches": [[14, 15], [14, 17], [29, 30], [29, 32], [53, 54], [53, 57], [58, 59], [58, 62], [81, 82], [81, 84], [120, 121], [120, 131], [125, 126], [125, 133], [142, 143], [142, 145], [183, 184], [183, 221], [195, 196], [195, 224], [205, 206], [205, 207], [207, 208], [207, 210], [276, 277], [276, 281], [281, 282], [281, 293], [282, 283], [282, 288], [288, 289], [288, 293]], "functions": {"test_connection": {"executed_lines": [], "summary": {"covered_lines": 0, "num_statements": 24, "percent_covered": 0.0, "percent_covered_display": "0.00", "missing_lines": 24, "excluded_lines": 0, "num_branches": 6, "num_partial_branches": 0, "covered_branches": 0, "missing_branches": 6}, "missing_lines": [27, 29, 30, 32, 49, 50, 51, 53, 54, 55, 57, 58, 59, 60, 62, 63, 64, 65, 66, 67, 69, 70, 71, 73], "excluded_lines": [], "executed_branches": [], "missing_branches": [[29, 30], [29, 32], [53, 54], [53, 57], [58, 59], [58, 62]]}, "list_tables": {"executed_lines": [], "summary": {"covered_lines": 0, "num_statements": 25, "percent_covered": 0.0, "percent_covered_display": "0.00", "missing_lines": 25, "excluded_lines": 0, "num_branches": 6, "num_partial_branches": 0, "covered_branches": 0, "missing_branches": 6}, "missing_lines": [78, 79, 81, 82, 84, 101, 102, 104, 107, 114, 116, 117, 118, 120, 121, 122, 123, 125, 126, 127, 128, 129, 131, 133, 134], "excluded_lines": [], "executed_branches": [], "missing_branches": [[81, 82], [81, 84], [120, 121], [120, 131], [125, 126], [125, 133]]}, "describe_table": {"executed_lines": [], "summary": {"covered_lines": 0, "num_statements": 36, "percent_covered": 0.0, "percent_covered_display": "0.00", "missing_lines": 36, "excluded_lines": 0, "num_branches": 10, "num_partial_branches": 0, "covered_branches": 0, "missing_branches": 10}, "missing_lines": [139, 140, 142, 143, 145, 162, 163, 165, 166, 169, 177, 179, 180, 181, 183, 184, 185, 193, 195, 196, 197, 198, 199, 200, 201, 202, 205, 206, 207, 208, 210, 212, 221, 222, 224, 225], "excluded_lines": [], "executed_branches": [], "missing_branches": [[142, 143], [142, 145], [183, 184], [183, 221], [195, 196], [195, 224], [205, 206], [205, 207], [207, 208], [207, 210]]}, "setup_parser": {"executed_lines": [], "summary": {"covered_lines": 0, "num_statements": 18, "percent_covered": 0.0, "percent_covered_display": "0.00", "missing_lines": 18, "excluded_lines": 0, "num_branches": 0, "num_partial_branches": 0, "covered_branches": 0, "missing_branches": 0}, "missing_lines": [230, 236, 239, 242, 245, 246, 247, 248, 249, 252, 255, 256, 259, 260, 263, 264, 265, 267], "excluded_lines": [], "executed_branches": [], "missing_branches": []}, "main": {"executed_lines": [], "summary": {"covered_lines": 0, "num_statements": 20, "percent_covered": 0.0, "percent_covered_display": "0.00", "missing_lines": 20, "excluded_lines": 0, "num_branches": 8, "num_partial_branches": 0, "covered_branches": 0, "missing_branches": 8}, "missing_lines": [272, 273, 274, 276, 277, 278, 281, 282, 283, 286, 288, 289, 293, 294, 296, 297, 298, 299, 300, 301], "excluded_lines": [], "executed_branches": [], "missing_branches": [[276, 277], [276, 281], [281, 282], [281, 293], [282, 283], [282, 288], [288, 289], [288, 293]]}, "": {"executed_lines": [], "summary": {"covered_lines": 0, "num_statements": 15, "percent_covered": 0.0, "percent_covered_display": "0.00", "missing_lines": 15, "excluded_lines": 2, "num_branches": 2, "num_partial_branches": 0, "covered_branches": 0, "missing_branches": 2}, "missing_lines": [8, 10, 11, 12, 14, 15, 17, 18, 19, 22, 25, 76, 137, 228, 270], "excluded_lines": [304, 305], "executed_branches": [], "missing_branches": [[14, 15], [14, 17]]}}, "classes": {"": {"executed_lines": [], "summary": {"covered_lines": 0, "num_statements": 138, "percent_covered": 0.0, "percent_covered_display": "0.00", "missing_lines": 138, "excluded_lines": 2, "num_branches": 32, "num_partial_branches": 0, "covered_branches": 0, "missing_branches": 32}, "missing_lines": [8, 10, 11, 12, 14, 15, 17, 18, 19, 22, 25, 27, 29, 30, 32, 49, 50, 51, 53, 54, 55, 57, 58, 59, 60, 62, 63, 64, 65, 66, 67, 69, 70, 71, 73, 76, 78, 79, 81, 82, 84, 101, 102, 104, 107, 114, 116, 117, 118, 120, 121, 122, 123, 125, 126, 127, 128, 129, 131, 133, 134, 137, 139, 140, 142, 143, 145, 162, 163, 165, 166, 169, 177, 179, 180, 181, 183, 184, 185, 193, 195, 196, 197, 198, 199, 200, 201, 202, 205, 206, 207, 208, 210, 212, 221, 222, 224, 225, 228, 230, 236, 239, 242, 245, 246, 247, 248, 249, 252, 255, 256, 259, 260, 263, 264, 265, 267, 270, 272, 273, 274, 276, 277, 278, 281, 282, 283, 286, 288, 289, 293, 294, 296, 297, 298, 299, 300, 301], "excluded_lines": [304, 305], "executed_branches": [], "missing_branches": [[14, 15], [14, 17], [29, 30], [29, 32], [53, 54], [53, 57], [58, 59], [58, 62], [81, 82], [81, 84], [120, 121], [120, 131], [125, 126], [125, 133], [142, 143], [142, 145], [183, 184], [183, 221], [195, 196], [195, 224], [205, 206], [205, 207], [207, 208], [207, 210], [276, 277], [276, 281], [281, 282], [281, 293], [282, 283], [282, 288], [288, 289], [288, 293]]}}}, "src/flext_db_oracle/compare/__init__.py": {"executed_lines": [], "summary": {"covered_lines": 0, "num_statements": 4, "percent_covered": 0.0, "percent_covered_display": "0.00", "missing_lines": 4, "excluded_lines": 0, "num_branches": 0, "num_partial_branches": 0, "covered_branches": 0, "missing_branches": 0}, "missing_lines": [3, 4, 5, 7], "excluded_lines": [], "executed_branches": [], "missing_branches": [], "functions": {"": {"executed_lines": [], "summary": {"covered_lines": 0, "num_statements": 4, "percent_covered": 0.0, "percent_covered_display": "0.00", "missing_lines": 4, "excluded_lines": 0, "num_branches": 0, "num_partial_branches": 0, "covered_branches": 0, "missing_branches": 0}, "missing_lines": [3, 4, 5, 7], "excluded_lines": [], "executed_branches": [], "missing_branches": []}}, "classes": {"": {"executed_lines": [], "summary": {"covered_lines": 0, "num_statements": 4, "percent_covered": 0.0, "percent_covered_display": "0.00", "missing_lines": 4, "excluded_lines": 0, "num_branches": 0, "num_partial_branches": 0, "covered_branches": 0, "missing_branches": 0}, "missing_lines": [3, 4, 5, 7], "excluded_lines": [], "executed_branches": [], "missing_branches": []}}}, "src/flext_db_oracle/compare/comparator.py": {"executed_lines": [], "summary": {"covered_lines": 0, "num_statements": 215, "percent_covered": 0.0, "percent_covered_display": "0.00", "missing_lines": 215, "excluded_lines": 0, "num_branches": 68, "num_partial_branches": 0, "covered_branches": 0, "missing_branches": 68}, "missing_lines": [7, 9, 11, 12, 14, 15, 16, 22, 24, 25, 27, 30, 33, 34, 35, 39, 42, 45, 50, 53, 69, 70, 71, 72, 74, 81, 82, 88, 90, 91, 96, 97, 98, 100, 101, 107, 108, 113, 114, 116, 120, 122, 123, 124, 126, 133, 134, 137, 142, 148, 149, 151, 152, 155, 160, 161, 162, 164, 172, 173, 175, 176, 179, 185, 186, 190, 192, 193, 194, 196, 198, 201, 202, 205, 208, 215, 216, 218, 220, 226, 229, 231, 232, 233, 235, 242, 244, 245, 247, 248, 251, 252, 253, 256, 257, 258, 264, 265, 267, 268, 269, 271, 278, 280, 281, 282, 284, 287, 288, 291, 293, 296, 298, 299, 300, 302, 304, 311, 316, 317, 321, 322, 324, 326, 330, 333, 334, 338, 340, 344, 346, 350, 352, 354, 355, 358, 359, 363, 364, 366, 368, 370, 376, 377, 392, 400, 401, 405, 406, 410, 412, 413, 417, 419, 420, 421, 423, 428, 429, 440, 441, 442, 443, 444, 445, 447, 449, 451, 452, 453, 456, 459, 465, 466, 468, 474, 475, 476, 482, 483, 484, 487, 490, 496, 497, 499, 505, 506, 507, 510, 511, 513, 514, 516, 517, 520, 531, 533, 534, 535, 537, 541, 544, 545, 546, 549, 550, 551, 554, 555, 556, 559, 560, 561, 563], "excluded_lines": [], "executed_branches": [], "missing_branches": [[14, 15], [14, 24], [90, 91], [90, 100], [96, 97], [96, 98], [100, 101], [100, 113], [107, 108], [107, 113], [113, 114], [113, 116], [148, 149], [148, 151], [151, 152], [151, 155], [175, 176], [175, 179], [185, 186], [185, 190], [193, 194], [193, 196], [196, 198], [196, 220], [201, 202], [201, 208], [215, 216], [215, 218], [247, 248], [247, 251], [252, 253], [252, 256], [256, 257], [256, 264], [281, 282], [281, 284], [287, 288], [287, 291], [316, 317], [316, 321], [321, 322], [321, 324], [333, 334], [333, 340], [334, 333], [334, 338], [352, 354], [352, 368], [354, 355], [354, 358], [358, 359], [358, 366], [363, 364], [363, 366], [400, 401], [400, 405], [405, 406], [405, 410], [412, 413], [412, 417], [441, 442], [441, 447], [443, 444], [443, 445], [513, 514], [513, 516], [516, 517], [516, 520]], "functions": {"DatabaseComparator.__init__": {"executed_lines": [], "summary": {"covered_lines": 0, "num_statements": 4, "percent_covered": 0.0, "percent_covered_display": "0.00", "missing_lines": 4, "excluded_lines": 0, "num_branches": 0, "num_partial_branches": 0, "covered_branches": 0, "missing_branches": 0}, "missing_lines": [69, 70, 71, 72], "excluded_lines": [], "executed_branches": [], "missing_branches": []}, "DatabaseComparator.compare_databases": {"executed_lines": [], "summary": {"covered_lines": 0, "num_statements": 19, "percent_covered": 0.0, "percent_covered_display": "0.00", "missing_lines": 19, "excluded_lines": 0, "num_branches": 10, "num_partial_branches": 0, "covered_branches": 0, "missing_branches": 10}, "missing_lines": [81, 82, 88, 90, 91, 96, 97, 98, 100, 101, 107, 108, 113, 114, 116, 120, 122, 123, 124], "excluded_lines": [], "executed_branches": [], "missing_branches": [[90, 91], [90, 100], [96, 97], [96, 98], [100, 101], [100, 113], [107, 108], [107, 113], [113, 114], [113, 116]]}, "DatabaseComparator._compare_schemas": {"executed_lines": [], "summary": {"covered_lines": 0, "num_statements": 12, "percent_covered": 0.0, "percent_covered_display": "0.00", "missing_lines": 12, "excluded_lines": 0, "num_branches": 4, "num_partial_branches": 0, "covered_branches": 0, "missing_branches": 4}, "missing_lines": [133, 134, 137, 142, 148, 149, 151, 152, 155, 160, 161, 162], "excluded_lines": [], "executed_branches": [], "missing_branches": [[148, 149], [148, 151], [151, 152], [151, 155]]}, "DatabaseComparator._compare_data": {"executed_lines": [], "summary": {"covered_lines": 0, "num_statements": 26, "percent_covered": 0.0, "percent_covered_display": "0.00", "missing_lines": 26, "excluded_lines": 0, "num_branches": 12, "num_partial_branches": 0, "covered_branches": 0, "missing_branches": 12}, "missing_lines": [172, 173, 175, 176, 179, 185, 186, 190, 192, 193, 194, 196, 198, 201, 202, 205, 208, 215, 216, 218, 220, 226, 229, 231, 232, 233], "excluded_lines": [], "executed_branches": [], "missing_branches": [[175, 176], [175, 179], [185, 186], [185, 190], [193, 194], [193, 196], [196, 198], [196, 220], [201, 202], [201, 208], [215, 216], [215, 218]]}, "DatabaseComparator._get_schema_metadata": {"executed_lines": [], "summary": {"covered_lines": 0, "num_statements": 16, "percent_covered": 0.0, "percent_covered_display": "0.00", "missing_lines": 16, "excluded_lines": 0, "num_branches": 6, "num_partial_branches": 0, "covered_branches": 0, "missing_branches": 6}, "missing_lines": [242, 244, 245, 247, 248, 251, 252, 253, 256, 257, 258, 264, 265, 267, 268, 269], "excluded_lines": [], "executed_branches": [], "missing_branches": [[247, 248], [247, 251], [252, 253], [252, 256], [256, 257], [256, 264]]}, "DatabaseComparator._get_comparable_tables": {"executed_lines": [], "summary": {"covered_lines": 0, "num_statements": 13, "percent_covered": 0.0, "percent_covered_display": "0.00", "missing_lines": 13, "excluded_lines": 0, "num_branches": 4, "num_partial_branches": 0, "covered_branches": 0, "missing_branches": 4}, "missing_lines": [278, 280, 281, 282, 284, 287, 288, 291, 293, 296, 298, 299, 300], "excluded_lines": [], "executed_branches": [], "missing_branches": [[281, 282], [281, 284], [287, 288], [287, 291]]}, "DatabaseComparator._fetch_schema_tables": {"executed_lines": [], "summary": {"covered_lines": 0, "num_statements": 7, "percent_covered": 0.0, "percent_covered_display": "0.00", "missing_lines": 7, "excluded_lines": 0, "num_branches": 4, "num_partial_branches": 0, "covered_branches": 0, "missing_branches": 4}, "missing_lines": [304, 311, 316, 317, 321, 322, 324], "excluded_lines": [], "executed_branches": [], "missing_branches": [[316, 317], [316, 321], [321, 322], [321, 324]]}, "DatabaseComparator._filter_common_tables": {"executed_lines": [], "summary": {"covered_lines": 0, "num_statements": 6, "percent_covered": 0.0, "percent_covered_display": "0.00", "missing_lines": 6, "excluded_lines": 0, "num_branches": 4, "num_partial_branches": 0, "covered_branches": 0, "missing_branches": 4}, "missing_lines": [330, 333, 334, 338, 340, 344], "excluded_lines": [], "executed_branches": [], "missing_branches": [[333, 334], [333, 340], [334, 333], [334, 338]]}, "DatabaseComparator._apply_table_filters": {"executed_lines": [], "summary": {"covered_lines": 0, "num_statements": 10, "percent_covered": 0.0, "percent_covered_display": "0.00", "missing_lines": 10, "excluded_lines": 0, "num_branches": 8, "num_partial_branches": 0, "covered_branches": 0, "missing_branches": 8}, "missing_lines": [350, 352, 354, 355, 358, 359, 363, 364, 366, 368], "excluded_lines": [], "executed_branches": [], "missing_branches": [[352, 354], [352, 368], [354, 355], [354, 358], [358, 359], [358, 366], [363, 364], [363, 366]]}, "DatabaseComparator._get_primary_key_columns": {"executed_lines": [], "summary": {"covered_lines": 0, "num_statements": 14, "percent_covered": 0.0, "percent_covered_display": "0.00", "missing_lines": 14, "excluded_lines": 0, "num_branches": 6, "num_partial_branches": 0, "covered_branches": 0, "missing_branches": 6}, "missing_lines": [376, 377, 392, 400, 401, 405, 406, 410, 412, 413, 417, 419, 420, 421], "excluded_lines": [], "executed_branches": [], "missing_branches": [[400, 401], [400, 405], [405, 406], [405, 410], [412, 413], [412, 417]]}, "DatabaseComparator.get_comparison_summary": {"executed_lines": [], "summary": {"covered_lines": 0, "num_statements": 13, "percent_covered": 0.0, "percent_covered_display": "0.00", "missing_lines": 13, "excluded_lines": 0, "num_branches": 4, "num_partial_branches": 0, "covered_branches": 0, "missing_branches": 4}, "missing_lines": [428, 429, 440, 441, 442, 443, 444, 445, 447, 449, 451, 452, 453], "excluded_lines": [], "executed_branches": [], "missing_branches": [[441, 442], [441, 447], [443, 444], [443, 445]]}, "DataComparator.__init__": {"executed_lines": [], "summary": {"covered_lines": 0, "num_statements": 2, "percent_covered": 0.0, "percent_covered_display": "0.00", "missing_lines": 2, "excluded_lines": 0, "num_branches": 0, "num_partial_branches": 0, "covered_branches": 0, "missing_branches": 0}, "missing_lines": [465, 466], "excluded_lines": [], "executed_branches": [], "missing_branches": []}, "DataComparator.compare_table_data": {"executed_lines": [], "summary": {"covered_lines": 0, "num_statements": 6, "percent_covered": 0.0, "percent_covered_display": "0.00", "missing_lines": 6, "excluded_lines": 0, "num_branches": 0, "num_partial_branches": 0, "covered_branches": 0, "missing_branches": 0}, "missing_lines": [474, 475, 476, 482, 483, 484], "excluded_lines": [], "executed_branches": [], "missing_branches": []}, "SchemaComparator.__init__": {"executed_lines": [], "summary": {"covered_lines": 0, "num_statements": 2, "percent_covered": 0.0, "percent_covered_display": "0.00", "missing_lines": 2, "excluded_lines": 0, "num_branches": 0, "num_partial_branches": 0, "covered_branches": 0, "missing_branches": 0}, "missing_lines": [496, 497], "excluded_lines": [], "executed_branches": [], "missing_branches": []}, "SchemaComparator.compare_schemas": {"executed_lines": [], "summary": {"covered_lines": 0, "num_statements": 14, "percent_covered": 0.0, "percent_covered_display": "0.00", "missing_lines": 14, "excluded_lines": 0, "num_branches": 4, "num_partial_branches": 0, "covered_branches": 0, "missing_branches": 4}, "missing_lines": [505, 506, 507, 510, 511, 513, 514, 516, 517, 520, 531, 533, 534, 535], "excluded_lines": [], "executed_branches": [], "missing_branches": [[513, 514], [513, 516], [516, 517], [516, 520]]}, "SchemaComparator._calculate_differences": {"executed_lines": [], "summary": {"covered_lines": 0, "num_statements": 14, "percent_covered": 0.0, "percent_covered_display": "0.00", "missing_lines": 14, "excluded_lines": 0, "num_branches": 0, "num_partial_branches": 0, "covered_branches": 0, "missing_branches": 0}, "missing_lines": [541, 544, 545, 546, 549, 550, 551, 554, 555, 556, 559, 560, 561, 563], "excluded_lines": [], "executed_branches": [], "missing_branches": []}, "": {"executed_lines": [], "summary": {"covered_lines": 0, "num_statements": 37, "percent_covered": 0.0, "percent_covered_display": "0.00", "missing_lines": 37, "excluded_lines": 0, "num_branches": 2, "num_partial_branches": 0, "covered_branches": 0, "missing_branches": 2}, "missing_lines": [7, 9, 11, 12, 14, 15, 16, 22, 24, 25, 27, 30, 33, 34, 35, 39, 42, 45, 50, 53, 74, 126, 164, 235, 271, 302, 326, 346, 370, 423, 456, 459, 468, 487, 490, 499, 537], "excluded_lines": [], "executed_branches": [], "missing_branches": [[14, 15], [14, 24]]}}, "classes": {"ComparisonConfig": {"executed_lines": [], "summary": {"covered_lines": 0, "num_statements": 0, "percent_covered": 100.0, "percent_covered_display": "100.00", "missing_lines": 0, "excluded_lines": 0, "num_branches": 0, "num_partial_branches": 0, "covered_branches": 0, "missing_branches": 0}, "missing_lines": [], "excluded_lines": [], "executed_branches": [], "missing_branches": []}, "DatabaseComparator": {"executed_lines": [], "summary": {"covered_lines": 0, "num_statements": 140, "percent_covered": 0.0, "percent_covered_display": "0.00", "missing_lines": 140, "excluded_lines": 0, "num_branches": 62, "num_partial_branches": 0, "covered_branches": 0, "missing_branches": 62}, "missing_lines": [69, 70, 71, 72, 81, 82, 88, 90, 91, 96, 97, 98, 100, 101, 107, 108, 113, 114, 116, 120, 122, 123, 124, 133, 134, 137, 142, 148, 149, 151, 152, 155, 160, 161, 162, 172, 173, 175, 176, 179, 185, 186, 190, 192, 193, 194, 196, 198, 201, 202, 205, 208, 215, 216, 218, 220, 226, 229, 231, 232, 233, 242, 244, 245, 247, 248, 251, 252, 253, 256, 257, 258, 264, 265, 267, 268, 269, 278, 280, 281, 282, 284, 287, 288, 291, 293, 296, 298, 299, 300, 304, 311, 316, 317, 321, 322, 324, 330, 333, 334, 338, 340, 344, 350, 352, 354, 355, 358, 359, 363, 364, 366, 368, 376, 377, 392, 400, 401, 405, 406, 410, 412, 413, 417, 419, 420, 421, 428, 429, 440, 441, 442, 443, 444, 445, 447, 449, 451, 452, 453], "excluded_lines": [], "executed_branches": [], "missing_branches": [[90, 91], [90, 100], [96, 97], [96, 98], [100, 101], [100, 113], [107, 108], [107, 113], [113, 114], [113, 116], [148, 149], [148, 151], [151, 152], [151, 155], [175, 176], [175, 179], [185, 186], [185, 190], [193, 194], [193, 196], [196, 198], [196, 220], [201, 202], [201, 208], [215, 216], [215, 218], [247, 248], [247, 251], [252, 253], [252, 256], [256, 257], [256, 264], [281, 282], [281, 284], [287, 288], [287, 291], [316, 317], [316, 321], [321, 322], [321, 324], [333, 334], [333, 340], [334, 333], [334, 338], [352, 354], [352, 368], [354, 355], [354, 358], [358, 359], [358, 366], [363, 364], [363, 366], [400, 401], [400, 405], [405, 406], [405, 410], [412, 413], [412, 417], [441, 442], [441, 447], [443, 444], [443, 445]]}, "DataComparator": {"executed_lines": [], "summary": {"covered_lines": 0, "num_statements": 8, "percent_covered": 0.0, "percent_covered_display": "0.00", "missing_lines": 8, "excluded_lines": 0, "num_branches": 0, "num_partial_branches": 0, "covered_branches": 0, "missing_branches": 0}, "missing_lines": [465, 466, 474, 475, 476, 482, 483, 484], "excluded_lines": [], "executed_branches": [], "missing_branches": []}, "SchemaComparator": {"executed_lines": [], "summary": {"covered_lines": 0, "num_statements": 30, "percent_covered": 0.0, "percent_covered_display": "0.00", "missing_lines": 30, "excluded_lines": 0, "num_branches": 4, "num_partial_branches": 0, "covered_branches": 0, "missing_branches": 4}, "missing_lines": [496, 497, 505, 506, 507, 510, 511, 513, 514, 516, 517, 520, 531, 533, 534, 535, 541, 544, 545, 546, 549, 550, 551, 554, 555, 556, 559, 560, 561, 563], "excluded_lines": [], "executed_branches": [], "missing_branches": [[513, 514], [513, 516], [516, 517], [516, 520]]}, "": {"executed_lines": [], "summary": {"covered_lines": 0, "num_statements": 37, "percent_covered": 0.0, "percent_covered_display": "0.00", "missing_lines": 37, "excluded_lines": 0, "num_branches": 2, "num_partial_branches": 0, "covered_branches": 0, "missing_branches": 2}, "missing_lines": [7, 9, 11, 12, 14, 15, 16, 22, 24, 25, 27, 30, 33, 34, 35, 39, 42, 45, 50, 53, 74, 126, 164, 235, 271, 302, 326, 346, 370, 423, 456, 459, 468, 487, 490, 499, 537], "excluded_lines": [], "executed_branches": [], "missing_branches": [[14, 15], [14, 24]]}}}, "src/flext_db_oracle/compare/differ.py": {"executed_lines": [], "summary": {"covered_lines": 0, "num_statements": 309, "percent_covered": 0.0, "percent_covered_display": "0.00", "missing_lines": 309, "excluded_lines": 0, "num_branches": 94, "num_partial_branches": 0, "covered_branches": 0, "missing_branches": 94}, "missing_lines": [7, 9, 10, 11, 12, 14, 15, 17, 18, 19, 21, 24, 27, 28, 29, 30, 33, 36, 37, 38, 39, 40, 41, 46, 49, 50, 53, 54, 57, 60, 65, 68, 69, 70, 71, 72, 74, 75, 77, 79, 80, 82, 85, 88, 94, 100, 101, 107, 110, 113, 116, 119, 122, 125, 128, 131, 133, 139, 142, 144, 145, 146, 148, 154, 156, 157, 160, 161, 162, 173, 174, 175, 186, 187, 188, 190, 191, 193, 195, 201, 204, 205, 221, 222, 238, 239, 254, 256, 260, 264, 270, 282, 293, 295, 299, 300, 303, 315, 326, 328, 332, 333, 336, 348, 359, 362, 365, 371, 379, 380, 387, 393, 394, 396, 397, 398, 400, 401, 403, 408, 409, 417, 418, 420, 421, 422, 424, 432, 435, 438, 439, 442, 448, 449, 451, 452, 454, 457, 464, 471, 476, 478, 484, 486, 487, 489, 490, 491, 493, 495, 503, 506, 507, 509, 510, 512, 513, 515, 516, 518, 525, 534, 535, 537, 538, 539, 541, 542, 543, 545, 547, 555, 556, 558, 559, 563, 565, 570, 572, 577, 579, 585, 586, 588, 590, 594, 602, 606, 614, 622, 623, 624, 626, 629, 630, 631, 632, 633, 635, 636, 638, 647, 654, 656, 658, 659, 662, 665, 669, 670, 672, 673, 674, 675, 677, 682, 684, 685, 686, 688, 697, 698, 705, 711, 712, 716, 717, 718, 720, 721, 723, 730, 731, 738, 739, 742, 750, 751, 752, 754, 764, 765, 767, 772, 780, 783, 787, 791, 792, 795, 796, 797, 798, 800, 801, 803, 806, 808, 809, 813, 815, 825, 827, 837, 839, 850, 853, 855, 856, 857, 859, 868, 869, 871, 875, 876, 877, 878, 883, 885, 886, 888, 891, 899, 902, 906, 910, 913, 914, 915, 916, 918, 919, 922, 923, 926, 933, 935, 943, 946, 947, 949, 953, 955, 956, 957, 959, 968, 975], "excluded_lines": [], "executed_branches": [], "missing_branches": [[17, 18], [17, 21], [160, 161], [160, 173], [173, 174], [173, 186], [186, 187], [186, 193], [204, 205], [204, 221], [221, 222], [221, 238], [238, 239], [238, 254], [393, 394], [393, 396], [397, 398], [397, 400], [408, 409], [408, 417], [438, 439], [438, 442], [448, 449], [448, 451], [451, 452], [451, 454], [486, 487], [486, 489], [489, 490], [489, 493], [490, 489], [490, 491], [512, 513], [512, 515], [515, 516], [515, 518], [537, 538], [537, 541], [541, 542], [541, 545], [558, 559], [558, 588], [563, 565], [563, 570], [570, 572], [570, 577], [577, 558], [577, 579], [585, 558], [585, 586], [626, 629], [626, 635], [629, 626], [629, 630], [635, 636], [635, 638], [658, 659], [658, 662], [669, 670], [669, 672], [672, 673], [672, 674], [674, 675], [674, 677], [711, 712], [711, 716], [717, 718], [717, 720], [730, 731], [730, 742], [738, 739], [738, 742], [787, 791], [787, 795], [797, 798], [797, 800], [808, 809], [808, 850], [813, 815], [813, 825], [825, 827], [825, 837], [837, 808], [837, 839], [878, 883], [878, 885], [906, 910], [906, 913], [915, 916], [915, 918], [922, 923], [922, 926], [946, 888], [946, 947]], "functions": {"ComparisonResult.total_differences": {"executed_lines": [], "summary": {"covered_lines": 0, "num_statements": 1, "percent_covered": 0.0, "percent_covered_display": "0.00", "missing_lines": 1, "excluded_lines": 0, "num_branches": 0, "num_partial_branches": 0, "covered_branches": 0, "missing_branches": 0}, "missing_lines": [77], "excluded_lines": [], "executed_branches": [], "missing_branches": []}, "ComparisonResult.has_differences": {"executed_lines": [], "summary": {"covered_lines": 0, "num_statements": 1, "percent_covered": 0.0, "percent_covered_display": "0.00", "missing_lines": 1, "excluded_lines": 0, "num_branches": 0, "num_partial_branches": 0, "covered_branches": 0, "missing_branches": 0}, "missing_lines": [82], "excluded_lines": [], "executed_branches": [], "missing_branches": []}, "SchemaDiffer.__init__": {"executed_lines": [], "summary": {"covered_lines": 0, "num_statements": 0, "percent_covered": 100.0, "percent_covered_display": "100.00", "missing_lines": 0, "excluded_lines": 0, "num_branches": 0, "num_partial_branches": 0, "covered_branches": 0, "missing_branches": 0}, "missing_lines": [], "excluded_lines": [], "executed_branches": [], "missing_branches": []}, "SchemaDiffer.compare_schemas": {"executed_lines": [], "summary": {"covered_lines": 0, "num_statements": 17, "percent_covered": 0.0, "percent_covered_display": "0.00", "missing_lines": 17, "excluded_lines": 0, "num_branches": 0, "num_partial_branches": 0, "covered_branches": 0, "missing_branches": 0}, "missing_lines": [100, 101, 107, 110, 113, 116, 119, 122, 125, 128, 131, 133, 139, 142, 144, 145, 146], "excluded_lines": [], "executed_branches": [], "missing_branches": []}, "SchemaDiffer._compare_tables": {"executed_lines": [], "summary": {"covered_lines": 0, "num_statements": 15, "percent_covered": 0.0, "percent_covered_display": "0.00", "missing_lines": 15, "excluded_lines": 0, "num_branches": 6, "num_partial_branches": 0, "covered_branches": 0, "missing_branches": 6}, "missing_lines": [154, 156, 157, 160, 161, 162, 173, 174, 175, 186, 187, 188, 190, 191, 193], "excluded_lines": [], "executed_branches": [], "missing_branches": [[160, 161], [160, 173], [173, 174], [173, 186], [186, 187], [186, 193]]}, "SchemaDiffer._compare_table_details": {"executed_lines": [], "summary": {"covered_lines": 0, "num_statements": 8, "percent_covered": 0.0, "percent_covered_display": "0.00", "missing_lines": 8, "excluded_lines": 0, "num_branches": 6, "num_partial_branches": 0, "covered_branches": 0, "missing_branches": 6}, "missing_lines": [201, 204, 205, 221, 222, 238, 239, 254], "excluded_lines": [], "executed_branches": [], "missing_branches": [[204, 205], [204, 221], [221, 222], [221, 238], [238, 239], [238, 254]]}, "SchemaDiffer._compare_views": {"executed_lines": [], "summary": {"covered_lines": 0, "num_statements": 5, "percent_covered": 0.0, "percent_covered_display": "0.00", "missing_lines": 5, "excluded_lines": 0, "num_branches": 0, "num_partial_branches": 0, "covered_branches": 0, "missing_branches": 0}, "missing_lines": [260, 264, 270, 282, 293], "excluded_lines": [], "executed_branches": [], "missing_branches": []}, "SchemaDiffer._compare_sequences": {"executed_lines": [], "summary": {"covered_lines": 0, "num_statements": 5, "percent_covered": 0.0, "percent_covered_display": "0.00", "missing_lines": 5, "excluded_lines": 0, "num_branches": 0, "num_partial_branches": 0, "covered_branches": 0, "missing_branches": 0}, "missing_lines": [299, 300, 303, 315, 326], "excluded_lines": [], "executed_branches": [], "missing_branches": []}, "SchemaDiffer._compare_procedures": {"executed_lines": [], "summary": {"covered_lines": 0, "num_statements": 5, "percent_covered": 0.0, "percent_covered_display": "0.00", "missing_lines": 5, "excluded_lines": 0, "num_branches": 0, "num_partial_branches": 0, "covered_branches": 0, "missing_branches": 0}, "missing_lines": [332, 333, 336, 348, 359], "excluded_lines": [], "executed_branches": [], "missing_branches": []}, "DataDiffer.__init__": {"executed_lines": [], "summary": {"covered_lines": 0, "num_statements": 0, "percent_covered": 100.0, "percent_covered_display": "100.00", "missing_lines": 0, "excluded_lines": 0, "num_branches": 0, "num_partial_branches": 0, "covered_branches": 0, "missing_branches": 0}, "missing_lines": [], "excluded_lines": [], "executed_branches": [], "missing_branches": []}, "DataDiffer.compare_table_data": {"executed_lines": [], "summary": {"covered_lines": 0, "num_statements": 18, "percent_covered": 0.0, "percent_covered_display": "0.00", "missing_lines": 18, "excluded_lines": 0, "num_branches": 6, "num_partial_branches": 0, "covered_branches": 0, "missing_branches": 6}, "missing_lines": [379, 380, 387, 393, 394, 396, 397, 398, 400, 401, 403, 408, 409, 417, 418, 420, 421, 422], "excluded_lines": [], "executed_branches": [], "missing_branches": [[393, 394], [393, 396], [397, 398], [397, 400], [408, 409], [408, 417]]}, "DataDiffer._perform_detailed_comparison": {"executed_lines": [], "summary": {"covered_lines": 0, "num_statements": 14, "percent_covered": 0.0, "percent_covered_display": "0.00", "missing_lines": 14, "excluded_lines": 0, "num_branches": 6, "num_partial_branches": 0, "covered_branches": 0, "missing_branches": 6}, "missing_lines": [432, 435, 438, 439, 442, 448, 449, 451, 452, 454, 457, 464, 471, 476], "excluded_lines": [], "executed_branches": [], "missing_branches": [[438, 439], [438, 442], [448, 449], [448, 451], [451, 452], [451, 454]]}, "DataDiffer._validate_identifiers": {"executed_lines": [], "summary": {"covered_lines": 0, "num_statements": 7, "percent_covered": 0.0, "percent_covered_display": "0.00", "missing_lines": 7, "excluded_lines": 0, "num_branches": 6, "num_partial_branches": 0, "covered_branches": 0, "missing_branches": 6}, "missing_lines": [484, 486, 487, 489, 490, 491, 493], "excluded_lines": [], "executed_branches": [], "missing_branches": [[486, 487], [486, 489], [489, 490], [489, 493], [490, 489], [490, 491]]}, "DataDiffer._fetch_table_data": {"executed_lines": [], "summary": {"covered_lines": 0, "num_statements": 10, "percent_covered": 0.0, "percent_covered_display": "0.00", "missing_lines": 10, "excluded_lines": 0, "num_branches": 4, "num_partial_branches": 0, "covered_branches": 0, "missing_branches": 4}, "missing_lines": [503, 506, 507, 509, 510, 512, 513, 515, 516, 518], "excluded_lines": [], "executed_branches": [], "missing_branches": [[512, 513], [512, 515], [515, 516], [515, 518]]}, "DataDiffer._build_row_dictionaries": {"executed_lines": [], "summary": {"covered_lines": 0, "num_statements": 9, "percent_covered": 0.0, "percent_covered_display": "0.00", "missing_lines": 9, "excluded_lines": 0, "num_branches": 4, "num_partial_branches": 0, "covered_branches": 0, "missing_branches": 4}, "missing_lines": [534, 535, 537, 538, 539, 541, 542, 543, 545], "excluded_lines": [], "executed_branches": [], "missing_branches": [[537, 538], [537, 541], [541, 542], [541, 545]]}, "DataDiffer._find_row_differences": {"executed_lines": [], "summary": {"covered_lines": 0, "num_statements": 13, "percent_covered": 0.0, "percent_covered_display": "0.00", "missing_lines": 13, "excluded_lines": 0, "num_branches": 10, "num_partial_branches": 0, "covered_branches": 0, "missing_branches": 10}, "missing_lines": [555, 556, 558, 559, 563, 565, 570, 572, 577, 579, 585, 586, 588], "excluded_lines": [], "executed_branches": [], "missing_branches": [[558, 559], [558, 588], [563, 565], [563, 570], [570, 572], [570, 577], [577, 558], [577, 579], [585, 558], [585, 586]]}, "DataDiffer._create_removed_difference": {"executed_lines": [], "summary": {"covered_lines": 0, "num_statements": 1, "percent_covered": 0.0, "percent_covered_display": "0.00", "missing_lines": 1, "excluded_lines": 0, "num_branches": 0, "num_partial_branches": 0, "covered_branches": 0, "missing_branches": 0}, "missing_lines": [594], "excluded_lines": [], "executed_branches": [], "missing_branches": []}, "DataDiffer._create_added_difference": {"executed_lines": [], "summary": {"covered_lines": 0, "num_statements": 1, "percent_covered": 0.0, "percent_covered_display": "0.00", "missing_lines": 1, "excluded_lines": 0, "num_branches": 0, "num_partial_branches": 0, "covered_branches": 0, "missing_branches": 0}, "missing_lines": [606], "excluded_lines": [], "executed_branches": [], "missing_branches": []}, "DataDiffer._create_modified_difference": {"executed_lines": [], "summary": {"covered_lines": 0, "num_statements": 12, "percent_covered": 0.0, "percent_covered_display": "0.00", "missing_lines": 12, "excluded_lines": 0, "num_branches": 6, "num_partial_branches": 0, "covered_branches": 0, "missing_branches": 6}, "missing_lines": [622, 623, 624, 626, 629, 630, 631, 632, 633, 635, 636, 638], "excluded_lines": [], "executed_branches": [], "missing_branches": [[626, 629], [626, 635], [629, 626], [629, 630], [635, 636], [635, 638]]}, "DataDiffer._compare_row_counts": {"executed_lines": [], "summary": {"covered_lines": 0, "num_statements": 17, "percent_covered": 0.0, "percent_covered_display": "0.00", "missing_lines": 17, "excluded_lines": 0, "num_branches": 8, "num_partial_branches": 0, "covered_branches": 0, "missing_branches": 8}, "missing_lines": [654, 656, 658, 659, 662, 665, 669, 670, 672, 673, 674, 675, 677, 682, 684, 685, 686], "excluded_lines": [], "executed_branches": [], "missing_branches": [[658, 659], [658, 662], [669, 670], [669, 672], [672, 673], [672, 674], [674, 675], [674, 677]]}, "DataDiffer.compare_large_table_data": {"executed_lines": [], "summary": {"covered_lines": 0, "num_statements": 19, "percent_covered": 0.0, "percent_covered_display": "0.00", "missing_lines": 19, "excluded_lines": 0, "num_branches": 8, "num_partial_branches": 0, "covered_branches": 0, "missing_branches": 8}, "missing_lines": [697, 698, 705, 711, 712, 716, 717, 718, 720, 721, 723, 730, 731, 738, 739, 742, 750, 751, 752], "excluded_lines": [], "executed_branches": [], "missing_branches": [[711, 712], [711, 716], [717, 718], [717, 720], [730, 731], [730, 742], [738, 739], [738, 742]]}, "DataDiffer._compare_using_hashes": {"executed_lines": [], "summary": {"covered_lines": 0, "num_statements": 30, "percent_covered": 0.0, "percent_covered_display": "0.00", "missing_lines": 30, "excluded_lines": 0, "num_branches": 12, "num_partial_branches": 0, "covered_branches": 0, "missing_branches": 12}, "missing_lines": [764, 765, 767, 772, 780, 783, 787, 791, 792, 795, 796, 797, 798, 800, 801, 803, 806, 808, 809, 813, 815, 825, 827, 837, 839, 850, 853, 855, 856, 857], "excluded_lines": [], "executed_branches": [], "missing_branches": [[787, 791], [787, 795], [797, 798], [797, 800], [808, 809], [808, 850], [813, 815], [813, 825], [825, 827], [825, 837], [837, 808], [837, 839]]}, "DataDiffer._compare_in_batches": {"executed_lines": [], "summary": {"covered_lines": 0, "num_statements": 35, "percent_covered": 0.0, "percent_covered_display": "0.00", "missing_lines": 35, "excluded_lines": 0, "num_branches": 10, "num_partial_branches": 0, "covered_branches": 0, "missing_branches": 10}, "missing_lines": [868, 869, 871, 875, 876, 877, 878, 883, 885, 886, 888, 891, 899, 902, 906, 910, 913, 914, 915, 916, 918, 919, 922, 923, 926, 933, 935, 943, 946, 947, 949, 953, 955, 956, 957], "excluded_lines": [], "executed_branches": [], "missing_branches": [[878, 883], [878, 885], [906, 910], [906, 913], [915, 916], [915, 918], [922, 923], [922, 926], [946, 888], [946, 947]]}, "DataDiffer._compare_batch_data": {"executed_lines": [], "summary": {"covered_lines": 0, "num_statements": 2, "percent_covered": 0.0, "percent_covered_display": "0.00", "missing_lines": 2, "excluded_lines": 0, "num_branches": 0, "num_partial_branches": 0, "covered_branches": 0, "missing_branches": 0}, "missing_lines": [968, 975], "excluded_lines": [], "executed_branches": [], "missing_branches": []}, "": {"executed_lines": [], "summary": {"covered_lines": 0, "num_statements": 64, "percent_covered": 0.0, "percent_covered_display": "0.00", "missing_lines": 64, "excluded_lines": 0, "num_branches": 2, "num_partial_branches": 0, "covered_branches": 0, "missing_branches": 2}, "missing_lines": [7, 9, 10, 11, 12, 14, 15, 17, 18, 19, 21, 24, 27, 28, 29, 30, 33, 36, 37, 38, 39, 40, 41, 46, 49, 50, 53, 54, 57, 60, 65, 68, 69, 70, 71, 72, 74, 75, 79, 80, 85, 88, 94, 148, 195, 256, 295, 328, 362, 365, 371, 424, 478, 495, 525, 547, 590, 602, 614, 647, 688, 754, 859, 959], "excluded_lines": [], "executed_branches": [], "missing_branches": [[17, 18], [17, 21]]}}, "classes": {"DifferenceType": {"executed_lines": [], "summary": {"covered_lines": 0, "num_statements": 0, "percent_covered": 100.0, "percent_covered_display": "100.00", "missing_lines": 0, "excluded_lines": 0, "num_branches": 0, "num_partial_branches": 0, "covered_branches": 0, "missing_branches": 0}, "missing_lines": [], "excluded_lines": [], "executed_branches": [], "missing_branches": []}, "SchemaDifference": {"executed_lines": [], "summary": {"covered_lines": 0, "num_statements": 0, "percent_covered": 100.0, "percent_covered_display": "100.00", "missing_lines": 0, "excluded_lines": 0, "num_branches": 0, "num_partial_branches": 0, "covered_branches": 0, "missing_branches": 0}, "missing_lines": [], "excluded_lines": [], "executed_branches": [], "missing_branches": []}, "DataDifference": {"executed_lines": [], "summary": {"covered_lines": 0, "num_statements": 0, "percent_covered": 100.0, "percent_covered_display": "100.00", "missing_lines": 0, "excluded_lines": 0, "num_branches": 0, "num_partial_branches": 0, "covered_branches": 0, "missing_branches": 0}, "missing_lines": [], "excluded_lines": [], "executed_branches": [], "missing_branches": []}, "ComparisonResult": {"executed_lines": [], "summary": {"covered_lines": 0, "num_statements": 2, "percent_covered": 0.0, "percent_covered_display": "0.00", "missing_lines": 2, "excluded_lines": 0, "num_branches": 0, "num_partial_branches": 0, "covered_branches": 0, "missing_branches": 0}, "missing_lines": [77, 82], "excluded_lines": [], "executed_branches": [], "missing_branches": []}, "SchemaDiffer": {"executed_lines": [], "summary": {"covered_lines": 0, "num_statements": 55, "percent_covered": 0.0, "percent_covered_display": "0.00", "missing_lines": 55, "excluded_lines": 0, "num_branches": 12, "num_partial_branches": 0, "covered_branches": 0, "missing_branches": 12}, "missing_lines": [100, 101, 107, 110, 113, 116, 119, 122, 125, 128, 131, 133, 139, 142, 144, 145, 146, 154, 156, 157, 160, 161, 162, 173, 174, 175, 186, 187, 188, 190, 191, 193, 201, 204, 205, 221, 222, 238, 239, 254, 260, 264, 270, 282, 293, 299, 300, 303, 315, 326, 332, 333, 336, 348, 359], "excluded_lines": [], "executed_branches": [], "missing_branches": [[160, 161], [160, 173], [173, 174], [173, 186], [186, 187], [186, 193], [204, 205], [204, 221], [221, 222], [221, 238], [238, 239], [238, 254]]}, "DataDiffer": {"executed_lines": [], "summary": {"covered_lines": 0, "num_statements": 188, "percent_covered": 0.0, "percent_covered_display": "0.00", "missing_lines": 188, "excluded_lines": 0, "num_branches": 80, "num_partial_branches": 0, "covered_branches": 0, "missing_branches": 80}, "missing_lines": [379, 380, 387, 393, 394, 396, 397, 398, 400, 401, 403, 408, 409, 417, 418, 420, 421, 422, 432, 435, 438, 439, 442, 448, 449, 451, 452, 454, 457, 464, 471, 476, 484, 486, 487, 489, 490, 491, 493, 503, 506, 507, 509, 510, 512, 513, 515, 516, 518, 534, 535, 537, 538, 539, 541, 542, 543, 545, 555, 556, 558, 559, 563, 565, 570, 572, 577, 579, 585, 586, 588, 594, 606, 622, 623, 624, 626, 629, 630, 631, 632, 633, 635, 636, 638, 654, 656, 658, 659, 662, 665, 669, 670, 672, 673, 674, 675, 677, 682, 684, 685, 686, 697, 698, 705, 711, 712, 716, 717, 718, 720, 721, 723, 730, 731, 738, 739, 742, 750, 751, 752, 764, 765, 767, 772, 780, 783, 787, 791, 792, 795, 796, 797, 798, 800, 801, 803, 806, 808, 809, 813, 815, 825, 827, 837, 839, 850, 853, 855, 856, 857, 868, 869, 871, 875, 876, 877, 878, 883, 885, 886, 888, 891, 899, 902, 906, 910, 913, 914, 915, 916, 918, 919, 922, 923, 926, 933, 935, 943, 946, 947, 949, 953, 955, 956, 957, 968, 975], "excluded_lines": [], "executed_branches": [], "missing_branches": [[393, 394], [393, 396], [397, 398], [397, 400], [408, 409], [408, 417], [438, 439], [438, 442], [448, 449], [448, 451], [451, 452], [451, 454], [486, 487], [486, 489], [489, 490], [489, 493], [490, 489], [490, 491], [512, 513], [512, 515], [515, 516], [515, 518], [537, 538], [537, 541], [541, 542], [541, 545], [558, 559], [558, 588], [563, 565], [563, 570], [570, 572], [570, 577], [577, 558], [577, 579], [585, 558], [585, 586], [626, 629], [626, 635], [629, 626], [629, 630], [635, 636], [635, 638], [658, 659], [658, 662], [669, 670], [669, 672], [672, 673], [672, 674], [674, 675], [674, 677], [711, 712], [711, 716], [717, 718], [717, 720], [730, 731], [730, 742], [738, 739], [738, 742], [787, 791], [787, 795], [797, 798], [797, 800], [808, 809], [808, 850], [813, 815], [813, 825], [825, 827], [825, 837], [837, 808], [837, 839], [878, 883], [878, 885], [906, 910], [906, 913], [915, 916], [915, 918], [922, 923], [922, 926], [946, 888], [946, 947]]}, "": {"executed_lines": [], "summary": {"covered_lines": 0, "num_statements": 64, "percent_covered": 0.0, "percent_covered_display": "0.00", "missing_lines": 64, "excluded_lines": 0, "num_branches": 2, "num_partial_branches": 0, "covered_branches": 0, "missing_branches": 2}, "missing_lines": [7, 9, 10, 11, 12, 14, 15, 17, 18, 19, 21, 24, 27, 28, 29, 30, 33, 36, 37, 38, 39, 40, 41, 46, 49, 50, 53, 54, 57, 60, 65, 68, 69, 70, 71, 72, 74, 75, 79, 80, 85, 88, 94, 148, 195, 256, 295, 328, 362, 365, 371, 424, 478, 495, 525, 547, 590, 602, 614, 647, 688, 754, 859, 959], "excluded_lines": [], "executed_branches": [], "missing_branches": [[17, 18], [17, 21]]}}}, "src/flext_db_oracle/compare/synchronizer.py": {"executed_lines": [], "summary": {"covered_lines": 0, "num_statements": 145, "percent_covered": 0.0, "percent_covered_display": "0.00", "missing_lines": 145, "excluded_lines": 0, "num_branches": 30, "num_partial_branches": 0, "covered_branches": 0, "missing_branches": 30}, "missing_lines": [7, 9, 11, 12, 14, 15, 17, 20, 23, 24, 25, 26, 29, 30, 33, 36, 37, 38, 41, 42, 44, 45, 47, 49, 50, 52, 54, 55, 57, 60, 63, 75, 76, 78, 84, 85, 87, 90, 98, 100, 108, 109, 111, 112, 113, 115, 121, 122, 124, 126, 127, 128, 131, 133, 134, 135, 137, 138, 139, 140, 141, 143, 144, 148, 156, 162, 164, 165, 166, 168, 170, 171, 178, 183, 184, 186, 187, 189, 190, 192, 193, 194, 196, 201, 203, 204, 206, 207, 211, 212, 217, 218, 219, 223, 230, 232, 233, 234, 236, 242, 243, 248, 253, 254, 255, 257, 258, 259, 261, 265, 266, 278, 283, 284, 286, 287, 289, 290, 292, 293, 294, 297, 300, 306, 307, 308, 310, 316, 317, 318, 319, 321, 322, 325, 333, 335, 336, 337, 339, 344, 345, 348, 350, 351, 352], "excluded_lines": [], "executed_branches": [], "missing_branches": [[14, 15], [14, 17], [124, 126], [124, 133], [127, 128], [127, 131], [137, 138], [137, 148], [139, 140], [139, 143], [183, 184], [183, 186], [186, 187], [186, 189], [206, 207], [206, 211], [211, 212], [211, 217], [218, 219], [218, 223], [253, 254], [253, 255], [283, 284], [283, 286], [286, 287], [286, 289], [318, 319], [318, 321], [321, 322], [321, 325]], "functions": {"SyncResult.total_operations": {"executed_lines": [], "summary": {"covered_lines": 0, "num_statements": 1, "percent_covered": 0.0, "percent_covered_display": "0.00", "missing_lines": 1, "excluded_lines": 0, "num_branches": 0, "num_partial_branches": 0, "covered_branches": 0, "missing_branches": 0}, "missing_lines": [47], "excluded_lines": [], "executed_branches": [], "missing_branches": []}, "SyncResult.successful_operations": {"executed_lines": [], "summary": {"covered_lines": 0, "num_statements": 1, "percent_covered": 0.0, "percent_covered_display": "0.00", "missing_lines": 1, "excluded_lines": 0, "num_branches": 0, "num_partial_branches": 0, "covered_branches": 0, "missing_branches": 0}, "missing_lines": [52], "excluded_lines": [], "executed_branches": [], "missing_branches": []}, "SyncResult.failed_operations": {"executed_lines": [], "summary": {"covered_lines": 0, "num_statements": 1, "percent_covered": 0.0, "percent_covered_display": "0.00", "missing_lines": 1, "excluded_lines": 0, "num_branches": 0, "num_partial_branches": 0, "covered_branches": 0, "missing_branches": 0}, "missing_lines": [57], "excluded_lines": [], "executed_branches": [], "missing_branches": []}, "DatabaseSynchronizer.__init__": {"executed_lines": [], "summary": {"covered_lines": 0, "num_statements": 2, "percent_covered": 0.0, "percent_covered_display": "0.00", "missing_lines": 2, "excluded_lines": 0, "num_branches": 0, "num_partial_branches": 0, "covered_branches": 0, "missing_branches": 0}, "missing_lines": [75, 76], "excluded_lines": [], "executed_branches": [], "missing_branches": []}, "DatabaseSynchronizer.synchronize_table": {"executed_lines": [], "summary": {"covered_lines": 0, "num_statements": 11, "percent_covered": 0.0, "percent_covered_display": "0.00", "missing_lines": 11, "excluded_lines": 0, "num_branches": 0, "num_partial_branches": 0, "covered_branches": 0, "missing_branches": 0}, "missing_lines": [84, 85, 87, 90, 98, 100, 108, 109, 111, 112, 113], "excluded_lines": [], "executed_branches": [], "missing_branches": []}, "DatabaseSynchronizer.synchronize_schema": {"executed_lines": [], "summary": {"covered_lines": 0, "num_statements": 23, "percent_covered": 0.0, "percent_covered_display": "0.00", "missing_lines": 23, "excluded_lines": 0, "num_branches": 8, "num_partial_branches": 0, "covered_branches": 0, "missing_branches": 8}, "missing_lines": [121, 122, 124, 126, 127, 128, 131, 133, 134, 135, 137, 138, 139, 140, 141, 143, 144, 148, 156, 162, 164, 165, 166], "excluded_lines": [], "executed_branches": [], "missing_branches": [[124, 126], [124, 133], [127, 128], [127, 131], [137, 138], [137, 148], [139, 140], [139, 143]]}, "DatabaseSynchronizer._get_schema_tables": {"executed_lines": [], "summary": {"covered_lines": 0, "num_statements": 12, "percent_covered": 0.0, "percent_covered_display": "0.00", "missing_lines": 12, "excluded_lines": 0, "num_branches": 4, "num_partial_branches": 0, "covered_branches": 0, "missing_branches": 4}, "missing_lines": [170, 171, 178, 183, 184, 186, 187, 189, 190, 192, 193, 194], "excluded_lines": [], "executed_branches": [], "missing_branches": [[183, 184], [183, 186], [186, 187], [186, 189]]}, "DatabaseSynchronizer.validate_sync_requirements": {"executed_lines": [], "summary": {"covered_lines": 0, "num_statements": 15, "percent_covered": 0.0, "percent_covered_display": "0.00", "missing_lines": 15, "excluded_lines": 0, "num_branches": 6, "num_partial_branches": 0, "covered_branches": 0, "missing_branches": 6}, "missing_lines": [201, 203, 204, 206, 207, 211, 212, 217, 218, 219, 223, 230, 232, 233, 234], "excluded_lines": [], "executed_branches": [], "missing_branches": [[206, 207], [206, 211], [211, 212], [211, 217], [218, 219], [218, 223]]}, "DatabaseSynchronizer._table_exists": {"executed_lines": [], "summary": {"covered_lines": 0, "num_statements": 9, "percent_covered": 0.0, "percent_covered_display": "0.00", "missing_lines": 9, "excluded_lines": 0, "num_branches": 2, "num_partial_branches": 0, "covered_branches": 0, "missing_branches": 2}, "missing_lines": [242, 243, 248, 253, 254, 255, 257, 258, 259], "excluded_lines": [], "executed_branches": [], "missing_branches": [[253, 254], [253, 255]]}, "DatabaseSynchronizer._get_primary_key_columns": {"executed_lines": [], "summary": {"covered_lines": 0, "num_statements": 12, "percent_covered": 0.0, "percent_covered_display": "0.00", "missing_lines": 12, "excluded_lines": 0, "num_branches": 4, "num_partial_branches": 0, "covered_branches": 0, "missing_branches": 4}, "missing_lines": [265, 266, 278, 283, 284, 286, 287, 289, 290, 292, 293, 294], "excluded_lines": [], "executed_branches": [], "missing_branches": [[283, 284], [283, 286], [286, 287], [286, 289]]}, "DataSynchronizer.__init__": {"executed_lines": [], "summary": {"covered_lines": 0, "num_statements": 3, "percent_covered": 0.0, "percent_covered_display": "0.00", "missing_lines": 3, "excluded_lines": 0, "num_branches": 0, "num_partial_branches": 0, "covered_branches": 0, "missing_branches": 0}, "missing_lines": [306, 307, 308], "excluded_lines": [], "executed_branches": [], "missing_branches": []}, "DataSynchronizer.synchronize_table_data": {"executed_lines": [], "summary": {"covered_lines": 0, "num_statements": 11, "percent_covered": 0.0, "percent_covered_display": "0.00", "missing_lines": 11, "excluded_lines": 0, "num_branches": 4, "num_partial_branches": 0, "covered_branches": 0, "missing_branches": 4}, "missing_lines": [316, 317, 318, 319, 321, 322, 325, 333, 335, 336, 337], "excluded_lines": [], "executed_branches": [], "missing_branches": [[318, 319], [318, 321], [321, 322], [321, 325]]}, "DataSynchronizer.validate_synchronization_requirements": {"executed_lines": [], "summary": {"covered_lines": 0, "num_statements": 6, "percent_covered": 0.0, "percent_covered_display": "0.00", "missing_lines": 6, "excluded_lines": 0, "num_branches": 0, "num_partial_branches": 0, "covered_branches": 0, "missing_branches": 0}, "missing_lines": [344, 345, 348, 350, 351, 352], "excluded_lines": [], "executed_branches": [], "missing_branches": []}, "": {"executed_lines": [], "summary": {"covered_lines": 0, "num_statements": 38, "percent_covered": 0.0, "percent_covered_display": "0.00", "missing_lines": 38, "excluded_lines": 0, "num_branches": 2, "num_partial_branches": 0, "covered_branches": 0, "missing_branches": 2}, "missing_lines": [7, 9, 11, 12, 14, 15, 17, 20, 23, 24, 25, 26, 29, 30, 33, 36, 37, 38, 41, 42, 44, 45, 49, 50, 54, 55, 60, 63, 78, 115, 168, 196, 236, 261, 297, 300, 310, 339], "excluded_lines": [], "executed_branches": [], "missing_branches": [[14, 15], [14, 17]]}}, "classes": {"SyncOperation": {"executed_lines": [], "summary": {"covered_lines": 0, "num_statements": 0, "percent_covered": 100.0, "percent_covered_display": "100.00", "missing_lines": 0, "excluded_lines": 0, "num_branches": 0, "num_partial_branches": 0, "covered_branches": 0, "missing_branches": 0}, "missing_lines": [], "excluded_lines": [], "executed_branches": [], "missing_branches": []}, "SyncResult": {"executed_lines": [], "summary": {"covered_lines": 0, "num_statements": 3, "percent_covered": 0.0, "percent_covered_display": "0.00", "missing_lines": 3, "excluded_lines": 0, "num_branches": 0, "num_partial_branches": 0, "covered_branches": 0, "missing_branches": 0}, "missing_lines": [47, 52, 57], "excluded_lines": [], "executed_branches": [], "missing_branches": []}, "DatabaseSynchronizer": {"executed_lines": [], "summary": {"covered_lines": 0, "num_statements": 84, "percent_covered": 0.0, "percent_covered_display": "0.00", "missing_lines": 84, "excluded_lines": 0, "num_branches": 24, "num_partial_branches": 0, "covered_branches": 0, "missing_branches": 24}, "missing_lines": [75, 76, 84, 85, 87, 90, 98, 100, 108, 109, 111, 112, 113, 121, 122, 124, 126, 127, 128, 131, 133, 134, 135, 137, 138, 139, 140, 141, 143, 144, 148, 156, 162, 164, 165, 166, 170, 171, 178, 183, 184, 186, 187, 189, 190, 192, 193, 194, 201, 203, 204, 206, 207, 211, 212, 217, 218, 219, 223, 230, 232, 233, 234, 242, 243, 248, 253, 254, 255, 257, 258, 259, 265, 266, 278, 283, 284, 286, 287, 289, 290, 292, 293, 294], "excluded_lines": [], "executed_branches": [], "missing_branches": [[124, 126], [124, 133], [127, 128], [127, 131], [137, 138], [137, 148], [139, 140], [139, 143], [183, 184], [183, 186], [186, 187], [186, 189], [206, 207], [206, 211], [211, 212], [211, 217], [218, 219], [218, 223], [253, 254], [253, 255], [283, 284], [283, 286], [286, 287], [286, 289]]}, "DataSynchronizer": {"executed_lines": [], "summary": {"covered_lines": 0, "num_statements": 20, "percent_covered": 0.0, "percent_covered_display": "0.00", "missing_lines": 20, "excluded_lines": 0, "num_branches": 4, "num_partial_branches": 0, "covered_branches": 0, "missing_branches": 4}, "missing_lines": [306, 307, 308, 316, 317, 318, 319, 321, 322, 325, 333, 335, 336, 337, 344, 345, 348, 350, 351, 352], "excluded_lines": [], "executed_branches": [], "missing_branches": [[318, 319], [318, 321], [321, 322], [321, 325]]}, "": {"executed_lines": [], "summary": {"covered_lines": 0, "num_statements": 38, "percent_covered": 0.0, "percent_covered_display": "0.00", "missing_lines": 38, "excluded_lines": 0, "num_branches": 2, "num_partial_branches": 0, "covered_branches": 0, "missing_branches": 2}, "missing_lines": [7, 9, 11, 12, 14, 15, 17, 20, 23, 24, 25, 26, 29, 30, 33, 36, 37, 38, 41, 42, 44, 45, 49, 50, 54, 55, 60, 63, 78, 115, 168, 196, 236, 261, 297, 300, 310, 339], "excluded_lines": [], "executed_branches": [], "missing_branches": [[14, 15], [14, 17]]}}}, "src/flext_db_oracle/config.py": {"executed_lines": [1, 6, 8, 10, 11, 12, 14, 16, 20, 21, 24, 25, 26, 27, 28, 29, 30, 33, 34, 35, 38, 39, 46, 47, 48, 54, 55, 56, 58, 59, 60, 63, 64, 65, 66, 68, 69, 70, 72, 73, 74, 75, 76, 77, 79, 80, 82, 84, 85, 87, 89], "summary": {"covered_lines": 49, "num_statements": 50, "percent_covered": 93.33333333333333, "percent_covered_display": "93.33", "missing_lines": 1, "excluded_lines": 0, "num_branches": 10, "num_partial_branches": 3, "covered_branches": 7, "missing_branches": 3}, "missing_lines": [17], "excluded_lines": [], "executed_branches": [[16, 20], [58, 59], [63, 64], [63, 66], [72, 73], [74, 75], [74, 77]], "missing_branches": [[16, 17], [58, 66], [72, 77]], "functions": {"OracleConfig.validate_service_or_sid": {"executed_lines": [58, 59, 60, 63, 64, 65, 66], "summary": {"covered_lines": 7, "num_statements": 7, "percent_covered": 90.9090909090909, "percent_covered_display": "90.91", "missing_lines": 0, "excluded_lines": 0, "num_branches": 4, "num_partial_branches": 1, "covered_branches": 3, "missing_branches": 1}, "missing_lines": [], "excluded_lines": [], "executed_branches": [[58, 59], [63, 64], [63, 66]], "missing_branches": [[58, 66]]}, "OracleConfig.validate_pool_max_greater_than_min": {"executed_lines": [72, 73, 74, 75, 76, 77], "summary": {"covered_lines": 6, "num_statements": 6, "percent_covered": 90.0, "percent_covered_display": "90.00", "missing_lines": 0, "excluded_lines": 0, "num_branches": 4, "num_partial_branches": 1, "covered_branches": 3, "missing_branches": 1}, "missing_lines": [], "excluded_lines": [], "executed_branches": [[72, 73], [74, 75], [74, 77]], "missing_branches": [[72, 77]]}, "OracleConfig.database_identifier": {"executed_lines": [82], "summary": {"covered_lines": 1, "num_statements": 1, "percent_covered": 100.0, "percent_covered_display": "100.00", "missing_lines": 0, "excluded_lines": 0, "num_branches": 0, "num_partial_branches": 0, "covered_branches": 0, "missing_branches": 0}, "missing_lines": [], "excluded_lines": [], "executed_branches": [], "missing_branches": []}, "OracleConfig.connection_string": {"executed_lines": [87], "summary": {"covered_lines": 1, "num_statements": 1, "percent_covered": 100.0, "percent_covered_display": "100.00", "missing_lines": 0, "excluded_lines": 0, "num_branches": 0, "num_partial_branches": 0, "covered_branches": 0, "missing_branches": 0}, "missing_lines": [], "excluded_lines": [], "executed_branches": [], "missing_branches": []}, "": {"executed_lines": [1, 6, 8, 10, 11, 12, 14, 16, 20, 21, 24, 25, 26, 27, 28, 29, 30, 33, 34, 35, 38, 39, 46, 47, 48, 54, 55, 56, 68, 69, 70, 79, 80, 84, 85, 89], "summary": {"covered_lines": 34, "num_statements": 35, "percent_covered": 94.5945945945946, "percent_covered_display": "94.59", "missing_lines": 1, "excluded_lines": 0, "num_branches": 2, "num_partial_branches": 1, "covered_branches": 1, "missing_branches": 1}, "missing_lines": [17], "excluded_lines": [], "executed_branches": [[16, 20]], "missing_branches": [[16, 17]]}}, "classes": {"OracleConfig": {"executed_lines": [58, 59, 60, 63, 64, 65, 66, 72, 73, 74, 75, 76, 77, 82, 87], "summary": {"covered_lines": 15, "num_statements": 15, "percent_covered": 91.30434782608695, "percent_covered_display": "91.30", "missing_lines": 0, "excluded_lines": 0, "num_branches": 8, "num_partial_branches": 2, "covered_branches": 6, "missing_branches": 2}, "missing_lines": [], "excluded_lines": [], "executed_branches": [[58, 59], [63, 64], [63, 66], [72, 73], [74, 75], [74, 77]], "missing_branches": [[58, 66], [72, 77]]}, "": {"executed_lines": [1, 6, 8, 10, 11, 12, 14, 16, 20, 21, 24, 25, 26, 27, 28, 29, 30, 33, 34, 35, 38, 39, 46, 47, 48, 54, 55, 56, 68, 69, 70, 79, 80, 84, 85, 89], "summary": {"covered_lines": 34, "num_statements": 35, "percent_covered": 94.5945945945946, "percent_covered_display": "94.59", "missing_lines": 1, "excluded_lines": 0, "num_branches": 2, "num_partial_branches": 1, "covered_branches": 1, "missing_branches": 1}, "missing_lines": [17], "excluded_lines": [], "executed_branches": [[16, 20]], "missing_branches": [[16, 17]]}}}, "src/flext_db_oracle/connection/__init__.py": {"executed_lines": [], "summary": {"covered_lines": 0, "num_statements": 5, "percent_covered": 0.0, "percent_covered_display": "0.00", "missing_lines": 5, "excluded_lines": 0, "num_branches": 0, "num_partial_branches": 0, "covered_branches": 0, "missing_branches": 0}, "missing_lines": [3, 4, 5, 6, 8], "excluded_lines": [], "executed_branches": [], "missing_branches": [], "functions": {"": {"executed_lines": [], "summary": {"covered_lines": 0, "num_statements": 5, "percent_covered": 0.0, "percent_covered_display": "0.00", "missing_lines": 5, "excluded_lines": 0, "num_branches": 0, "num_partial_branches": 0, "covered_branches": 0, "missing_branches": 0}, "missing_lines": [3, 4, 5, 6, 8], "excluded_lines": [], "executed_branches": [], "missing_branches": []}}, "classes": {"": {"executed_lines": [], "summary": {"covered_lines": 0, "num_statements": 5, "percent_covered": 0.0, "percent_covered_display": "0.00", "missing_lines": 5, "excluded_lines": 0, "num_branches": 0, "num_partial_branches": 0, "covered_branches": 0, "missing_branches": 0}, "missing_lines": [3, 4, 5, 6, 8], "excluded_lines": [], "executed_branches": [], "missing_branches": []}}}, "src/flext_db_oracle/connection/config.py": {"executed_lines": [], "summary": {"covered_lines": 0, "num_statements": 86, "percent_covered": 0.0, "percent_covered_display": "0.00", "missing_lines": 86, "excluded_lines": 6, "num_branches": 28, "num_partial_branches": 0, "covered_branches": 0, "missing_branches": 28}, "missing_lines": [3, 5, 7, 8, 10, 11, 13, 14, 16, 19, 28, 29, 30, 31, 32, 33, 36, 37, 38, 41, 42, 43, 46, 47, 48, 49, 50, 54, 55, 56, 58, 59, 60, 61, 62, 63, 65, 66, 68, 69, 70, 71, 73, 75, 83, 84, 85, 86, 89, 90, 93, 94, 95, 96, 97, 99, 101, 103, 104, 105, 106, 107, 108, 110, 112, 113, 114, 115, 116, 118, 120, 121, 127, 128, 129, 132, 133, 134, 135, 136, 138, 139, 140, 141, 143, 169], "excluded_lines": [160, 161, 162, 163, 164, 165], "executed_branches": [], "missing_branches": [[13, 14], [13, 16], [58, 59], [58, 63], [60, 61], [60, 63], [68, 69], [68, 71], [83, 84], [83, 85], [85, 86], [85, 89], [89, 90], [89, 93], [93, 94], [93, 99], [94, 95], [94, 96], [96, 97], [96, 99], [103, 104], [103, 105], [105, 106], [105, 107], [127, 128], [127, 132], [134, 135], [134, 138]], "functions": {"ConnectionConfig.validate_pool_max": {"executed_lines": [], "summary": {"covered_lines": 0, "num_statements": 6, "percent_covered": 0.0, "percent_covered_display": "0.00", "missing_lines": 6, "excluded_lines": 0, "num_branches": 4, "num_partial_branches": 0, "covered_branches": 0, "missing_branches": 4}, "missing_lines": [58, 59, 60, 61, 62, 63], "excluded_lines": [], "executed_branches": [], "missing_branches": [[58, 59], [58, 63], [60, 61], [60, 63]]}, "ConnectionConfig.validate_connection_identifier": {"executed_lines": [], "summary": {"covered_lines": 0, "num_statements": 4, "percent_covered": 0.0, "percent_covered_display": "0.00", "missing_lines": 4, "excluded_lines": 0, "num_branches": 2, "num_partial_branches": 0, "covered_branches": 0, "missing_branches": 2}, "missing_lines": [68, 69, 70, 71], "excluded_lines": [], "executed_branches": [], "missing_branches": [[68, 69], [68, 71]]}, "ConnectionConfig.to_connect_params": {"executed_lines": [], "summary": {"covered_lines": 0, "num_statements": 13, "percent_covered": 0.0, "percent_covered_display": "0.00", "missing_lines": 13, "excluded_lines": 0, "num_branches": 12, "num_partial_branches": 0, "covered_branches": 0, "missing_branches": 12}, "missing_lines": [75, 83, 84, 85, 86, 89, 90, 93, 94, 95, 96, 97, 99], "excluded_lines": [], "executed_branches": [], "missing_branches": [[83, 84], [83, 85], [85, 86], [85, 89], [89, 90], [89, 93], [93, 94], [93, 99], [94, 95], [94, 96], [96, 97], [96, 99]]}, "ConnectionConfig.get_dsn": {"executed_lines": [], "summary": {"covered_lines": 0, "num_statements": 6, "percent_covered": 0.0, "percent_covered_display": "0.00", "missing_lines": 6, "excluded_lines": 0, "num_branches": 4, "num_partial_branches": 0, "covered_branches": 0, "missing_branches": 4}, "missing_lines": [103, 104, 105, 106, 107, 108], "excluded_lines": [], "executed_branches": [], "missing_branches": [[103, 104], [103, 105], [105, 106], [105, 107]]}, "ConnectionConfig.test_connection_params": {"executed_lines": [], "summary": {"covered_lines": 0, "num_statements": 6, "percent_covered": 0.0, "percent_covered_display": "0.00", "missing_lines": 6, "excluded_lines": 0, "num_branches": 0, "num_partial_branches": 0, "covered_branches": 0, "missi
[...]
ches": [[341, 342], [341, 344], [345, 346], [345, 348], [350, 351], [350, 355], [355, 356], [355, 360], [360, 361], [360, 365]]}, "SQLValidator._build_validation_result": {"executed_lines": [], "summary": {"covered_lines": 0, "num_statements": 1, "percent_covered": 0.0, "percent_covered_display": "0.00", "missing_lines": 1, "excluded_lines": 0, "num_branches": 0, "num_partial_branches": 0, "covered_branches": 0, "missing_branches": 0}, "missing_lines": [373], "excluded_lines": [], "executed_branches": [], "missing_branches": []}, "SQLValidator.validate_with_recommendations": {"executed_lines": [], "summary": {"covered_lines": 0, "num_statements": 13, "percent_covered": 0.0, "percent_covered_display": "0.00", "missing_lines": 13, "excluded_lines": 0, "num_branches": 4, "num_partial_branches": 0, "covered_branches": 0, "missing_branches": 4}, "missing_lines": [392, 394, 395, 396, 400, 401, 402, 405, 406, 407, 409, 410, 411], "excluded_lines": [], "executed_branches": [], "missing_branches": [[395, 396], [395, 400], [401, 402], [401, 405]]}, "SQLValidator._perform_sql_validation": {"executed_lines": [], "summary": {"covered_lines": 0, "num_statements": 6, "percent_covered": 0.0, "percent_covered_display": "0.00", "missing_lines": 6, "excluded_lines": 0, "num_branches": 4, "num_partial_branches": 0, "covered_branches": 0, "missing_branches": 4}, "missing_lines": [417, 418, 419, 423, 424, 426], "excluded_lines": [], "executed_branches": [], "missing_branches": [[418, 419], [418, 423], [423, 424], [423, 426]]}, "SQLValidator._create_recommendations_result": {"executed_lines": [], "summary": {"covered_lines": 0, "num_statements": 4, "percent_covered": 0.0, "percent_covered_display": "0.00", "missing_lines": 4, "excluded_lines": 0, "num_branches": 0, "num_partial_branches": 0, "covered_branches": 0, "missing_branches": 0}, "missing_lines": [434, 435, 436, 437], "excluded_lines": [], "executed_branches": [], "missing_branches": []}, "SQLValidator.get_best_practices_report": {"executed_lines": [], "summary": {"covered_lines": 0, "num_statements": 15, "percent_covered": 0.0, "percent_covered_display": "0.00", "missing_lines": 15, "excluded_lines": 0, "num_branches": 4, "num_partial_branches": 0, "covered_branches": 0, "missing_branches": 4}, "missing_lines": [444, 445, 446, 447, 451, 452, 453, 456, 477, 479, 487, 488, 490, 491, 492], "excluded_lines": [], "executed_branches": [], "missing_branches": [[446, 447], [446, 451], [452, 453], [452, 456]]}, "SQLValidator._get_grade": {"executed_lines": [], "summary": {"covered_lines": 0, "num_statements": 13, "percent_covered": 0.0, "percent_covered_display": "0.00", "missing_lines": 13, "excluded_lines": 0, "num_branches": 8, "num_partial_branches": 0, "covered_branches": 0, "missing_branches": 8}, "missing_lines": [497, 498, 499, 500, 502, 503, 504, 505, 506, 507, 508, 509, 510], "excluded_lines": [], "executed_branches": [], "missing_branches": [[502, 503], [502, 504], [504, 505], [504, 506], [506, 507], [506, 508], [508, 509], [508, 510]]}, "SQLValidator._get_improvement_suggestions": {"executed_lines": [], "summary": {"covered_lines": 0, "num_statements": 12, "percent_covered": 0.0, "percent_covered_display": "0.00", "missing_lines": 12, "excluded_lines": 0, "num_branches": 10, "num_partial_branches": 0, "covered_branches": 0, "missing_branches": 10}, "missing_lines": [514, 516, 517, 519, 520, 522, 523, 525, 526, 528, 529, 531], "excluded_lines": [], "executed_branches": [], "missing_branches": [[516, 517], [516, 519], [519, 520], [519, 522], [522, 523], [522, 525], [525, 526], [525, 528], [528, 529], [528, 531]]}, "": {"executed_lines": [1, 7, 9, 10, 11, 13, 14, 16, 19, 22, 23, 24, 25, 26, 27, 30, 31, 33, 34, 35, 36, 37, 39, 40, 44, 45, 50, 51, 53, 54, 55, 56, 57, 59, 60, 64, 65, 69, 70, 75, 76, 78, 88, 142, 202, 227, 249, 283, 308, 321, 337, 367, 387, 413, 428, 439, 494, 512], "summary": {"covered_lines": 54, "num_statements": 55, "percent_covered": 96.49122807017544, "percent_covered_display": "96.49", "missing_lines": 1, "excluded_lines": 0, "num_branches": 2, "num_partial_branches": 1, "covered_branches": 1, "missing_branches": 1}, "missing_lines": [17], "excluded_lines": [], "executed_branches": [[16, 19]], "missing_branches": [[16, 17]]}}, "classes": {"ValidationRule": {"executed_lines": [], "summary": {"covered_lines": 0, "num_statements": 2, "percent_covered": 0.0, "percent_covered_display": "0.00", "missing_lines": 2, "excluded_lines": 0, "num_branches": 0, "num_partial_branches": 0, "covered_branches": 0, "missing_branches": 0}, "missing_lines": [42, 47], "excluded_lines": [], "executed_branches": [], "missing_branches": []}, "ValidationResult": {"executed_lines": [], "summary": {"covered_lines": 0, "num_statements": 3, "percent_covered": 0.0, "percent_covered_display": "0.00", "missing_lines": 3, "excluded_lines": 0, "num_branches": 0, "num_partial_branches": 0, "covered_branches": 0, "missing_branches": 0}, "missing_lines": [62, 67, 72], "excluded_lines": [], "executed_branches": [], "missing_branches": []}, "SQLValidator": {"executed_lines": [], "summary": {"covered_lines": 0, "num_statements": 169, "percent_covered": 0.0, "percent_covered_display": "0.00", "missing_lines": 169, "excluded_lines": 0, "num_branches": 82, "num_partial_branches": 0, "covered_branches": 0, "missing_branches": 82}, "missing_lines": [85, 86, 90, 144, 145, 147, 148, 149, 150, 153, 154, 155, 166, 167, 168, 170, 171, 172, 173, 174, 176, 179, 180, 182, 184, 192, 196, 198, 199, 200, 204, 205, 211, 214, 215, 216, 217, 218, 219, 221, 222, 223, 225, 229, 232, 233, 236, 237, 238, 241, 242, 244, 245, 247, 251, 253, 254, 259, 261, 263, 268, 269, 271, 275, 276, 278, 279, 281, 285, 287, 292, 293, 295, 300, 301, 303, 304, 306, 310, 312, 313, 314, 316, 317, 319, 325, 327, 328, 330, 331, 335, 339, 341, 342, 344, 345, 346, 348, 350, 351, 355, 356, 360, 361, 365, 373, 392, 394, 395, 396, 400, 401, 402, 405, 406, 407, 409, 410, 411, 417, 418, 419, 423, 424, 426, 434, 435, 436, 437, 444, 445, 446, 447, 451, 452, 453, 456, 477, 479, 487, 488, 490, 491, 492, 497, 498, 499, 500, 502, 503, 504, 505, 506, 507, 508, 509, 510, 514, 516, 517, 519, 520, 522, 523, 525, 526, 528, 529, 531], "excluded_lines": [], "executed_branches": [], "missing_branches": [[153, 154], [153, 166], [166, 167], [166, 179], [170, 166], [170, 171], [171, 172], [171, 173], [173, 174], [173, 176], [205, 211], [205, 214], [214, 215], [214, 216], [216, 217], [216, 218], [218, 219], [218, 225], [232, 233], [232, 236], [237, 238], [237, 241], [241, 242], [241, 244], [244, 245], [244, 247], [261, 263], [261, 281], [268, 269], [268, 281], [275, 276], [275, 281], [292, 293], [292, 306], [300, 301], [300, 306], [313, 314], [313, 319], [327, 328], [327, 330], [330, 331], [330, 335], [341, 342], [341, 344], [345, 346], [345, 348], [350, 351], [350, 355], [355, 356], [355, 360], [360, 361], [360, 365], [395, 396], [395, 400], [401, 402], [401, 405], [418, 419], [418, 423], [423, 424], [423, 426], [446, 447], [446, 451], [452, 453], [452, 456], [502, 503], [502, 504], [504, 505], [504, 506], [506, 507], [506, 508], [508, 509], [508, 510], [516, 517], [516, 519], [519, 520], [519, 522], [522, 523], [522, 525], [525, 526], [525, 528], [528, 529], [528, 531]]}, "": {"executed_lines": [1, 7, 9, 10, 11, 13, 14, 16, 19, 22, 23, 24, 25, 26, 27, 30, 31, 33, 34, 35, 36, 37, 39, 40, 44, 45, 50, 51, 53, 54, 55, 56, 57, 59, 60, 64, 65, 69, 70, 75, 76, 78, 88, 142, 202, 227, 249, 283, 308, 321, 337, 367, 387, 413, 428, 439, 494, 512], "summary": {"covered_lines": 54, "num_statements": 55, "percent_covered": 96.49122807017544, "percent_covered_display": "96.49", "missing_lines": 1, "excluded_lines": 0, "num_branches": 2, "num_partial_branches": 1, "covered_branches": 1, "missing_branches": 1}, "missing_lines": [17], "excluded_lines": [], "executed_branches": [[16, 19]], "missing_branches": [[16, 17]]}}}, "src/flext_db_oracle/utils/__init__.py": {"executed_lines": [1, 3, 5, 6, 16], "summary": {"covered_lines": 4, "num_statements": 4, "percent_covered": 100.0, "percent_covered_display": "100.00", "missing_lines": 0, "excluded_lines": 0, "num_branches": 0, "num_partial_branches": 0, "covered_branches": 0, "missing_branches": 0}, "missing_lines": [], "excluded_lines": [], "executed_branches": [], "missing_branches": [], "functions": {"": {"executed_lines": [1, 3, 5, 6, 16], "summary": {"covered_lines": 4, "num_statements": 4, "percent_covered": 100.0, "percent_covered_display": "100.00", "missing_lines": 0, "excluded_lines": 0, "num_branches": 0, "num_partial_branches": 0, "covered_branches": 0, "missing_branches": 0}, "missing_lines": [], "excluded_lines": [], "executed_branches": [], "missing_branches": []}}, "classes": {"": {"executed_lines": [1, 3, 5, 6, 16], "summary": {"covered_lines": 4, "num_statements": 4, "percent_covered": 100.0, "percent_covered_display": "100.00", "missing_lines": 0, "excluded_lines": 0, "num_branches": 0, "num_partial_branches": 0, "covered_branches": 0, "missing_branches": 0}, "missing_lines": [], "excluded_lines": [], "executed_branches": [], "missing_branches": []}}}, "src/flext_db_oracle/utils/async_helpers.py": {"executed_lines": [1, 6, 8, 9, 10, 12, 15, 18], "summary": {"covered_lines": 7, "num_statements": 17, "percent_covered": 42.10526315789474, "percent_covered_display": "42.11", "missing_lines": 10, "excluded_lines": 0, "num_branches": 2, "num_partial_branches": 1, "covered_branches": 1, "missing_branches": 1}, "missing_lines": [13, 34, 36, 37, 39, 40, 44, 45, 46, 47], "excluded_lines": [], "executed_branches": [[12, 15]], "missing_branches": [[12, 13]], "functions": {"run_async_in_sync_context": {"executed_lines": [], "summary": {"covered_lines": 0, "num_statements": 9, "percent_covered": 0.0, "percent_covered_display": "0.00", "missing_lines": 9, "excluded_lines": 0, "num_branches": 0, "num_partial_branches": 0, "covered_branches": 0, "missing_branches": 0}, "missing_lines": [34, 36, 37, 39, 40, 44, 45, 46, 47], "excluded_lines": [], "executed_branches": [], "missing_branches": []}, "": {"executed_lines": [1, 6, 8, 9, 10, 12, 15, 18], "summary": {"covered_lines": 7, "num_statements": 8, "percent_covered": 80.0, "percent_covered_display": "80.00", "missing_lines": 1, "excluded_lines": 0, "num_branches": 2, "num_partial_branches": 1, "covered_branches": 1, "missing_branches": 1}, "missing_lines": [13], "excluded_lines": [], "executed_branches": [[12, 15]], "missing_branches": [[12, 13]]}}, "classes": {"": {"executed_lines": [1, 6, 8, 9, 10, 12, 15, 18], "summary": {"covered_lines": 7, "num_statements": 17, "percent_covered": 42.10526315789474, "percent_covered_display": "42.11", "missing_lines": 10, "excluded_lines": 0, "num_branches": 2, "num_partial_branches": 1, "covered_branches": 1, "missing_branches": 1}, "missing_lines": [13, 34, 36, 37, 39, 40, 44, 45, 46, 47], "excluded_lines": [], "executed_branches": [[12, 15]], "missing_branches": [[12, 13]]}}}, "src/flext_db_oracle/utils/exceptions.py": {"executed_lines": [1, 3, 6, 7, 9, 22, 23, 25, 44, 45, 47, 66, 67, 69, 88, 89, 91, 108, 109, 111, 130, 131, 133, 145, 146, 148, 160, 161, 163], "summary": {"covered_lines": 19, "num_statements": 42, "percent_covered": 45.23809523809524, "percent_covered_display": "45.24", "missing_lines": 23, "excluded_lines": 0, "num_branches": 0, "num_partial_branches": 0, "covered_branches": 0, "missing_branches": 0}, "missing_lines": [17, 18, 19, 39, 40, 41, 61, 62, 63, 83, 84, 85, 105, 125, 126, 127, 141, 142, 156, 157, 177, 178, 179], "excluded_lines": [], "executed_branches": [], "missing_branches": [], "functions": {"OracleDBCoreError.__init__": {"executed_lines": [], "summary": {"covered_lines": 0, "num_statements": 3, "percent_covered": 0.0, "percent_covered_display": "0.00", "missing_lines": 3, "excluded_lines": 0, "num_branches": 0, "num_partial_branches": 0, "covered_branches": 0, "missing_branches": 0}, "missing_lines": [17, 18, 19], "excluded_lines": [], "executed_branches": [], "missing_branches": []}, "OracleConnectionError.__init__": {"executed_lines": [], "summary": {"covered_lines": 0, "num_statements": 3, "percent_covered": 0.0, "percent_covered_display": "0.00", "missing_lines": 3, "excluded_lines": 0, "num_branches": 0, "num_partial_branches": 0, "covered_branches": 0, "missing_branches": 0}, "missing_lines": [39, 40, 41], "excluded_lines": [], "executed_branches": [], "missing_branches": []}, "SchemaError.__init__": {"executed_lines": [], "summary": {"covered_lines": 0, "num_statements": 3, "percent_covered": 0.0, "percent_covered_display": "0.00", "missing_lines": 3, "excluded_lines": 0, "num_branches": 0, "num_partial_branches": 0, "covered_branches": 0, "missing_branches": 0}, "missing_lines": [61, 62, 63], "excluded_lines": [], "executed_branches": [], "missing_branches": []}, "SQLError.__init__": {"executed_lines": [], "summary": {"covered_lines": 0, "num_statements": 3, "percent_covered": 0.0, "percent_covered_display": "0.00", "missing_lines": 3, "excluded_lines": 0, "num_branches": 0, "num_partial_branches": 0, "covered_branches": 0, "missing_branches": 0}, "missing_lines": [83, 84, 85], "excluded_lines": [], "executed_branches": [], "missing_branches": []}, "OracleQueryError.__init__": {"executed_lines": [], "summary": {"covered_lines": 0, "num_statements": 1, "percent_covered": 0.0, "percent_covered_display": "0.00", "missing_lines": 1, "excluded_lines": 0, "num_branches": 0, "num_partial_branches": 0, "covered_branches": 0, "missing_branches": 0}, "missing_lines": [105], "excluded_lines": [], "executed_branches": [], "missing_branches": []}, "ValidationError.__init__": {"executed_lines": [], "summary": {"covered_lines": 0, "num_statements": 3, "percent_covered": 0.0, "percent_covered_display": "0.00", "missing_lines": 3, "excluded_lines": 0, "num_branches": 0, "num_partial_branches": 0, "covered_branches": 0, "missing_branches": 0}, "missing_lines": [125, 126, 127], "excluded_lines": [], "executed_branches": [], "missing_branches": []}, "ConfigurationError.__init__": {"executed_lines": [], "summary": {"covered_lines": 0, "num_statements": 2, "percent_covered": 0.0, "percent_covered_display": "0.00", "missing_lines": 2, "excluded_lines": 0, "num_branches": 0, "num_partial_branches": 0, "covered_branches": 0, "missing_branches": 0}, "missing_lines": [141, 142], "excluded_lines": [], "executed_branches": [], "missing_branches": []}, "PoolError.__init__": {"executed_lines": [], "summary": {"covered_lines": 0, "num_statements": 2, "percent_covered": 0.0, "percent_covered_display": "0.00", "missing_lines": 2, "excluded_lines": 0, "num_branches": 0, "num_partial_branches": 0, "covered_branches": 0, "missing_branches": 0}, "missing_lines": [156, 157], "excluded_lines": [], "executed_branches": [], "missing_branches": []}, "OraclePerformanceError.__init__": {"executed_lines": [], "summary": {"covered_lines": 0, "num_statements": 3, "percent_covered": 0.0, "percent_covered_display": "0.00", "missing_lines": 3, "excluded_lines": 0, "num_branches": 0, "num_partial_branches": 0, "covered_branches": 0, "missing_branches": 0}, "missing_lines": [177, 178, 179], "excluded_lines": [], "executed_branches": [], "missing_branches": []}, "": {"executed_lines": [1, 3, 6, 7, 9, 22, 23, 25, 44, 45, 47, 66, 67, 69, 88, 89, 91, 108, 109, 111, 130, 131, 133, 145, 146, 148, 160, 161, 163], "summary": {"covered_lines": 19, "num_statements": 19, "percent_covered": 100.0, "percent_covered_display": "100.00", "missing_lines": 0, "excluded_lines": 0, "num_branches": 0, "num_partial_branches": 0, "covered_branches": 0, "missing_branches": 0}, "missing_lines": [], "excluded_lines": [], "executed_branches": [], "missing_branches": []}}, "classes": {"OracleDBCoreError": {"executed_lines": [], "summary": {"covered_lines": 0, "num_statements": 3, "percent_covered": 0.0, "percent_covered_display": "0.00", "missing_lines": 3, "excluded_lines": 0, "num_branches": 0, "num_partial_branches": 0, "covered_branches": 0, "missing_branches": 0}, "missing_lines": [17, 18, 19], "excluded_lines": [], "executed_branches": [], "missing_branches": []}, "OracleConnectionError": {"executed_lines": [], "summary": {"covered_lines": 0, "num_statements": 3, "percent_covered": 0.0, "percent_covered_display": "0.00", "missing_lines": 3, "excluded_lines": 0, "num_branches": 0, "num_partial_branches": 0, "covered_branches": 0, "missing_branches": 0}, "missing_lines": [39, 40, 41], "excluded_lines": [], "executed_branches": [], "missing_branches": []}, "SchemaError": {"executed_lines": [], "summary": {"covered_lines": 0, "num_statements": 3, "percent_covered": 0.0, "percent_covered_display": "0.00", "missing_lines": 3, "excluded_lines": 0, "num_branches": 0, "num_partial_branches": 0, "covered_branches": 0, "missing_branches": 0}, "missing_lines": [61, 62, 63], "excluded_lines": [], "executed_branches": [], "missing_branches": []}, "SQLError": {"executed_lines": [], "summary": {"covered_lines": 0, "num_statements": 3, "percent_covered": 0.0, "percent_covered_display": "0.00", "missing_lines": 3, "excluded_lines": 0, "num_branches": 0, "num_partial_branches": 0, "covered_branches": 0, "missing_branches": 0}, "missing_lines": [83, 84, 85], "excluded_lines": [], "executed_branches": [], "missing_branches": []}, "OracleQueryError": {"executed_lines": [], "summary": {"covered_lines": 0, "num_statements": 1, "percent_covered": 0.0, "percent_covered_display": "0.00", "missing_lines": 1, "excluded_lines": 0, "num_branches": 0, "num_partial_branches": 0, "covered_branches": 0, "missing_branches": 0}, "missing_lines": [105], "excluded_lines": [], "executed_branches": [], "missing_branches": []}, "ValidationError": {"executed_lines": [], "summary": {"covered_lines": 0, "num_statements": 3, "percent_covered": 0.0, "percent_covered_display": "0.00", "missing_lines": 3, "excluded_lines": 0, "num_branches": 0, "num_partial_branches": 0, "covered_branches": 0, "missing_branches": 0}, "missing_lines": [125, 126, 127], "excluded_lines": [], "executed_branches": [], "missing_branches": []}, "ConfigurationError": {"executed_lines": [], "summary": {"covered_lines": 0, "num_statements": 2, "percent_covered": 0.0, "percent_covered_display": "0.00", "missing_lines": 2, "excluded_lines": 0, "num_branches": 0, "num_partial_branches": 0, "covered_branches": 0, "missing_branches": 0}, "missing_lines": [141, 142], "excluded_lines": [], "executed_branches": [], "missing_branches": []}, "PoolError": {"executed_lines": [], "summary": {"covered_lines": 0, "num_statements": 2, "percent_covered": 0.0, "percent_covered_display": "0.00", "missing_lines": 2, "excluded_lines": 0, "num_branches": 0, "num_partial_branches": 0, "covered_branches": 0, "missing_branches": 0}, "missing_lines": [156, 157], "excluded_lines": [], "executed_branches": [], "missing_branches": []}, "OraclePerformanceError": {"executed_lines": [], "summary": {"covered_lines": 0, "num_statements": 3, "percent_covered": 0.0, "percent_covered_display": "0.00", "missing_lines": 3, "excluded_lines": 0, "num_branches": 0, "num_partial_branches": 0, "covered_branches": 0, "missing_branches": 0}, "missing_lines": [177, 178, 179], "excluded_lines": [], "executed_branches": [], "missing_branches": []}, "": {"executed_lines": [1, 3, 6, 7, 9, 22, 23, 25, 44, 45, 47, 66, 67, 69, 88, 89, 91, 108, 109, 111, 130, 131, 133, 145, 146, 148, 160, 161, 163], "summary": {"covered_lines": 19, "num_statements": 19, "percent_covered": 100.0, "percent_covered_display": "100.00", "missing_lines": 0, "excluded_lines": 0, "num_branches": 0, "num_partial_branches": 0, "covered_branches": 0, "missing_branches": 0}, "missing_lines": [], "excluded_lines": [], "executed_branches": [], "missing_branches": []}}}}, "totals": {"covered_lines": 783, "num_statements": 3651, "percent_covered": 17.680155810430644, "percent_covered_display": "17.68", "missing_lines": 2868, "excluded_lines": 8, "num_branches": 970, "num_partial_branches": 24, "covered_branches": 34, "missing_branches": 936}}